[  378816ms] [ERROR] WebSocket connection to 'ws://localhost:2078/ws' failed: Error in connection establishment: net::ERR_CONNECTION_REFUSED @ webpack-internal:///(app-pages-browser)/./src/lib/ws-client.ts:8
[  378832ms] [ERROR] [WS] Error: Event @ webpack-internal:///(app-pages-browser)/../../node_modules/.pnpm/next@15.5.12_react-dom@19.2.4_react@19.2.4__react@19.2.4/node_modules/next/dist/next-devtools/userspace/app/errors/intercept-console-error.js:56
[  378967ms] [ERROR] Failed to load resource: net::ERR_CONNECTION_REFUSED @ http://localhost:2077/__nextjs_original-stack-frames:0
[  378971ms] [ERROR] Failed to load resource: net::ERR_CONNECTION_REFUSED @ http://localhost:2077/__nextjs_font/geist-latin.woff2:0
[ 2133687ms] [ERROR] WebSocket connection to 'ws://localhost:2078/ws' failed: Error in connection establishment: net::ERR_CONNECTION_REFUSED @ webpack-internal:///(app-pages-browser)/./src/lib/ws-client.ts:8
[ 2133693ms] [ERROR] [WS] Error: Event @ webpack-internal:///(app-pages-browser)/../../node_modules/.pnpm/next@15.5.12_react-dom@19.2.4_react@19.2.4__react@19.2.4/node_modules/next/dist/next-devtools/userspace/app/errors/intercept-console-error.js:56
[ 2136707ms] [ERROR] WebSocket connection to 'ws://localhost:2078/ws' failed: Error in connection establishment: net::ERR_CONNECTION_REFUSED @ webpack-internal:///(app-pages-browser)/./src/lib/ws-client.ts:8
[ 2136707ms] [ERROR] [WS] Error: Event @ webpack-internal:///(app-pages-browser)/../../node_modules/.pnpm/next@15.5.12_react-dom@19.2.4_react@19.2.4__react@19.2.4/node_modules/next/dist/next-devtools/userspace/app/errors/intercept-console-error.js:56
[ 3823180ms] [ERROR] WebSocket connection to 'ws://localhost:2078/ws' failed: Error in connection establishment: net::ERR_CONNECTION_REFUSED @ webpack-internal:///(app-pages-browser)/./src/lib/ws-client.ts:8
[ 3823184ms] [ERROR] [WS] Error: Event @ webpack-internal:///(app-pages-browser)/../../node_modules/.pnpm/next@15.5.12_react-dom@19.2.4_react@19.2.4__react@19.2.4/node_modules/next/dist/next-devtools/userspace/app/errors/intercept-console-error.js:56
[ 3826192ms] [ERROR] WebSocket connection to 'ws://localhost:2078/ws' failed: Error in connection establishment: net::ERR_CONNECTION_REFUSED @ webpack-internal:///(app-pages-browser)/./src/lib/ws-client.ts:8
[ 3826193ms] [ERROR] [WS] Error: Event @ webpack-internal:///(app-pages-browser)/../../node_modules/.pnpm/next@15.5.12_react-dom@19.2.4_react@19.2.4__react@19.2.4/node_modules/next/dist/next-devtools/userspace/app/errors/intercept-console-error.js:56
[ 3829195ms] [ERROR] WebSocket connection to 'ws://localhost:2078/ws' failed: Error in connection establishment: net::ERR_CONNECTION_REFUSED @ webpack-internal:///(app-pages-browser)/./src/lib/ws-client.ts:8
[ 3829195ms] [ERROR] [WS] Error: Event @ webpack-internal:///(app-pages-browser)/../../node_modules/.pnpm/next@15.5.12_react-dom@19.2.4_react@19.2.4__react@19.2.4/node_modules/next/dist/next-devtools/userspace/app/errors/intercept-console-error.js:56
[ 3832199ms] [ERROR] WebSocket connection to 'ws://localhost:2078/ws' failed: Error in connection establishment: net::ERR_CONNECTION_REFUSED @ webpack-internal:///(app-pages-browser)/./src/lib/ws-client.ts:8
[ 3832199ms] [ERROR] [WS] Error: Event @ webpack-internal:///(app-pages-browser)/../../node_modules/.pnpm/next@15.5.12_react-dom@19.2.4_react@19.2.4__react@19.2.4/node_modules/next/dist/next-devtools/userspace/app/errors/intercept-console-error.js:56
[ 3835201ms] [ERROR] WebSocket connection to 'ws://localhost:2078/ws' failed: Error in connection establishment: net::ERR_CONNECTION_REFUSED @ webpack-internal:///(app-pages-browser)/./src/lib/ws-client.ts:8
[ 3835201ms] [ERROR] [WS] Error: Event @ webpack-internal:///(app-pages-browser)/../../node_modules/.pnpm/next@15.5.12_react-dom@19.2.4_react@19.2.4__react@19.2.4/node_modules/next/dist/next-devtools/userspace/app/errors/intercept-console-error.js:56
[ 3838203ms] [ERROR] WebSocket connection to 'ws://localhost:2078/ws' failed: Error in connection establishment: net::ERR_CONNECTION_REFUSED @ webpack-internal:///(app-pages-browser)/./src/lib/ws-client.ts:8
[ 3838203ms] [ERROR] [WS] Error: Event @ webpack-internal:///(app-pages-browser)/../../node_modules/.pnpm/next@15.5.12_react-dom@19.2.4_react@19.2.4__react@19.2.4/node_modules/next/dist/next-devtools/userspace/app/errors/intercept-console-error.js:56
[ 3841206ms] [ERROR] WebSocket connection to 'ws://localhost:2078/ws' failed: Error in connection establishment: net::ERR_CONNECTION_REFUSED @ webpack-internal:///(app-pages-browser)/./src/lib/ws-client.ts:8
[ 3841206ms] [ERROR] [WS] Error: Event @ webpack-internal:///(app-pages-browser)/../../node_modules/.pnpm/next@15.5.12_react-dom@19.2.4_react@19.2.4__react@19.2.4/node_modules/next/dist/next-devtools/userspace/app/errors/intercept-console-error.js:56
[ 3844209ms] [ERROR] WebSocket connection to 'ws://localhost:2078/ws' failed: Error in connection establishment: net::ERR_CONNECTION_REFUSED @ webpack-internal:///(app-pages-browser)/./src/lib/ws-client.ts:8
[ 3844209ms] [ERROR] [WS] Error: Event @ webpack-internal:///(app-pages-browser)/../../node_modules/.pnpm/next@15.5.12_react-dom@19.2.4_react@19.2.4__react@19.2.4/node_modules/next/dist/next-devtools/userspace/app/errors/intercept-console-error.js:56
[ 3847211ms] [ERROR] WebSocket connection to 'ws://localhost:2078/ws' failed: Error in connection establishment: net::ERR_CONNECTION_REFUSED @ webpack-internal:///(app-pages-browser)/./src/lib/ws-client.ts:8
[ 3847211ms] [ERROR] [WS] Error: Event @ webpack-internal:///(app-pages-browser)/../../node_modules/.pnpm/next@15.5.12_react-dom@19.2.4_react@19.2.4__react@19.2.4/node_modules/next/dist/next-devtools/userspace/app/errors/intercept-console-error.js:56
[ 3850213ms] [ERROR] WebSocket connection to 'ws://localhost:2078/ws' failed: Error in connection establishment: net::ERR_CONNECTION_REFUSED @ webpack-internal:///(app-pages-browser)/./src/lib/ws-client.ts:8
[ 3850213ms] [ERROR] [WS] Error: Event @ webpack-internal:///(app-pages-browser)/../../node_modules/.pnpm/next@15.5.12_react-dom@19.2.4_react@19.2.4__react@19.2.4/node_modules/next/dist/next-devtools/userspace/app/errors/intercept-console-error.js:56
[ 3853219ms] [ERROR] WebSocket connection to 'ws://localhost:2078/ws' failed: Error in connection establishment: net::ERR_CONNECTION_REFUSED @ webpack-internal:///(app-pages-browser)/./src/lib/ws-client.ts:8
[ 3853220ms] [ERROR] [WS] Error: Event @ webpack-internal:///(app-pages-browser)/../../node_modules/.pnpm/next@15.5.12_react-dom@19.2.4_react@19.2.4__react@19.2.4/node_modules/next/dist/next-devtools/userspace/app/errors/intercept-console-error.js:56
[ 3856223ms] [ERROR] WebSocket connection to 'ws://localhost:2078/ws' failed: Error in connection establishment: net::ERR_CONNECTION_REFUSED @ webpack-internal:///(app-pages-browser)/./src/lib/ws-client.ts:8
[ 3856223ms] [ERROR] [WS] Error: Event @ webpack-internal:///(app-pages-browser)/../../node_modules/.pnpm/next@15.5.12_react-dom@19.2.4_react@19.2.4__react@19.2.4/node_modules/next/dist/next-devtools/userspace/app/errors/intercept-console-error.js:56
[ 3859227ms] [ERROR] WebSocket connection to 'ws://localhost:2078/ws' failed: Error in connection establishment: net::ERR_CONNECTION_REFUSED @ webpack-internal:///(app-pages-browser)/./src/lib/ws-client.ts:8
[ 3859227ms] [ERROR] [WS] Error: Event @ webpack-internal:///(app-pages-browser)/../../node_modules/.pnpm/next@15.5.12_react-dom@19.2.4_react@19.2.4__react@19.2.4/node_modules/next/dist/next-devtools/userspace/app/errors/intercept-console-error.js:56
[ 3862228ms] [ERROR] WebSocket connection to 'ws://localhost:2078/ws' failed: Error in connection establishment: net::ERR_CONNECTION_REFUSED @ webpack-internal:///(app-pages-browser)/./src/lib/ws-client.ts:8
[ 3862229ms] [ERROR] [WS] Error: Event @ webpack-internal:///(app-pages-browser)/../../node_modules/.pnpm/next@15.5.12_react-dom@19.2.4_react@19.2.4__react@19.2.4/node_modules/next/dist/next-devtools/userspace/app/errors/intercept-console-error.js:56
[ 3865231ms] [ERROR] WebSocket connection to 'ws://localhost:2078/ws' failed: Error in connection establishment: net::ERR_CONNECTION_REFUSED @ webpack-internal:///(app-pages-browser)/./src/lib/ws-client.ts:8
[ 3865231ms] [ERROR] [WS] Error: Event @ webpack-internal:///(app-pages-browser)/../../node_modules/.pnpm/next@15.5.12_react-dom@19.2.4_react@19.2.4__react@19.2.4/node_modules/next/dist/next-devtools/userspace/app/errors/intercept-console-error.js:56
[ 3868237ms] [ERROR] WebSocket connection to 'ws://localhost:2078/ws' failed: Error in connection establishment: net::ERR_CONNECTION_REFUSED @ webpack-internal:///(app-pages-browser)/./src/lib/ws-client.ts:8
[ 3868237ms] [ERROR] [WS] Error: Event @ webpack-internal:///(app-pages-browser)/../../node_modules/.pnpm/next@15.5.12_react-dom@19.2.4_react@19.2.4__react@19.2.4/node_modules/next/dist/next-devtools/userspace/app/errors/intercept-console-error.js:56
[ 3871240ms] [ERROR] WebSocket connection to 'ws://localhost:2078/ws' failed: Error in connection establishment: net::ERR_CONNECTION_REFUSED @ webpack-internal:///(app-pages-browser)/./src/lib/ws-client.ts:8
[ 3871240ms] [ERROR] [WS] Error: Event @ webpack-internal:///(app-pages-browser)/../../node_modules/.pnpm/next@15.5.12_react-dom@19.2.4_react@19.2.4__react@19.2.4/node_modules/next/dist/next-devtools/userspace/app/errors/intercept-console-error.js:56
[ 3874245ms] [ERROR] WebSocket connection to 'ws://localhost:2078/ws' failed: Error in connection establishment: net::ERR_CONNECTION_REFUSED @ webpack-internal:///(app-pages-browser)/./src/lib/ws-client.ts:8
[ 3874245ms] [ERROR] [WS] Error: Event @ webpack-internal:///(app-pages-browser)/../../node_modules/.pnpm/next@15.5.12_react-dom@19.2.4_react@19.2.4__react@19.2.4/node_modules/next/dist/next-devtools/userspace/app/errors/intercept-console-error.js:56
[ 3877247ms] [ERROR] WebSocket connection to 'ws://localhost:2078/ws' failed: Error in connection establishment: net::ERR_CONNECTION_REFUSED @ webpack-internal:///(app-pages-browser)/./src/lib/ws-client.ts:8
[ 3877247ms] [ERROR] [WS] Error: Event @ webpack-internal:///(app-pages-browser)/../../node_modules/.pnpm/next@15.5.12_react-dom@19.2.4_react@19.2.4__react@19.2.4/node_modules/next/dist/next-devtools/userspace/app/errors/intercept-console-error.js:56
[ 3880249ms] [ERROR] WebSocket connection to 'ws://localhost:2078/ws' failed: Error in connection establishment: net::ERR_CONNECTION_REFUSED @ webpack-internal:///(app-pages-browser)/./src/lib/ws-client.ts:8
[ 3880249ms] [ERROR] [WS] Error: Event @ webpack-internal:///(app-pages-browser)/../../node_modules/.pnpm/next@15.5.12_react-dom@19.2.4_react@19.2.4__react@19.2.4/node_modules/next/dist/next-devtools/userspace/app/errors/intercept-console-error.js:56
[ 3883252ms] [ERROR] WebSocket connection to 'ws://localhost:2078/ws' failed: Error in connection establishment: net::ERR_CONNECTION_REFUSED @ webpack-internal:///(app-pages-browser)/./src/lib/ws-client.ts:8
[ 3883252ms] [ERROR] [WS] Error: Event @ webpack-internal:///(app-pages-browser)/../../node_modules/.pnpm/next@15.5.12_react-dom@19.2.4_react@19.2.4__react@19.2.4/node_modules/next/dist/next-devtools/userspace/app/errors/intercept-console-error.js:56
[ 3886256ms] [ERROR] WebSocket connection to 'ws://localhost:2078/ws' failed: Error in connection establishment: net::ERR_CONNECTION_REFUSED @ webpack-internal:///(app-pages-browser)/./src/lib/ws-client.ts:8
[ 3886256ms] [ERROR] [WS] Error: Event @ webpack-internal:///(app-pages-browser)/../../node_modules/.pnpm/next@15.5.12_react-dom@19.2.4_react@19.2.4__react@19.2.4/node_modules/next/dist/next-devtools/userspace/app/errors/intercept-console-error.js:56
[ 3889260ms] [ERROR] WebSocket connection to 'ws://localhost:2078/ws' failed: Error in connection establishment: net::ERR_CONNECTION_REFUSED @ webpack-internal:///(app-pages-browser)/./src/lib/ws-client.ts:8
[ 3889260ms] [ERROR] [WS] Error: Event @ webpack-internal:///(app-pages-browser)/../../node_modules/.pnpm/next@15.5.12_react-dom@19.2.4_react@19.2.4__react@19.2.4/node_modules/next/dist/next-devtools/userspace/app/errors/intercept-console-error.js:56
[ 3892264ms] [ERROR] WebSocket connection to 'ws://localhost:2078/ws' failed: Error in connection establishment: net::ERR_CONNECTION_REFUSED @ webpack-internal:///(app-pages-browser)/./src/lib/ws-client.ts:8
[ 3892265ms] [ERROR] [WS] Error: Event @ webpack-internal:///(app-pages-browser)/../../node_modules/.pnpm/next@15.5.12_react-dom@19.2.4_react@19.2.4__react@19.2.4/node_modules/next/dist/next-devtools/userspace/app/errors/intercept-console-error.js:56
[ 3895268ms] [ERROR] WebSocket connection to 'ws://localhost:2078/ws' failed: Error in connection establishment: net::ERR_CONNECTION_REFUSED @ webpack-internal:///(app-pages-browser)/./src/lib/ws-client.ts:8
[ 3895268ms] [ERROR] [WS] Error: Event @ webpack-internal:///(app-pages-browser)/../../node_modules/.pnpm/next@15.5.12_react-dom@19.2.4_react@19.2.4__react@19.2.4/node_modules/next/dist/next-devtools/userspace/app/errors/intercept-console-error.js:56
[ 3898274ms] [ERROR] WebSocket connection to 'ws://localhost:2078/ws' failed: Error in connection establishment: net::ERR_CONNECTION_REFUSED @ webpack-internal:///(app-pages-browser)/./src/lib/ws-client.ts:8
[ 3898274ms] [ERROR] [WS] Error: Event @ webpack-internal:///(app-pages-browser)/../../node_modules/.pnpm/next@15.5.12_react-dom@19.2.4_react@19.2.4__react@19.2.4/node_modules/next/dist/next-devtools/userspace/app/errors/intercept-console-error.js:56
[ 3901280ms] [ERROR] WebSocket connection to 'ws://localhost:2078/ws' failed: Error in connection establishment: net::ERR_CONNECTION_REFUSED @ webpack-internal:///(app-pages-browser)/./src/lib/ws-client.ts:8
[ 3901280ms] [ERROR] [WS] Error: Event @ webpack-internal:///(app-pages-browser)/../../node_modules/.pnpm/next@15.5.12_react-dom@19.2.4_react@19.2.4__react@19.2.4/node_modules/next/dist/next-devtools/userspace/app/errors/intercept-console-error.js:56
[ 3904285ms] [ERROR] WebSocket connection to 'ws://localhost:2078/ws' failed: Error in connection establishment: net::ERR_CONNECTION_REFUSED @ webpack-internal:///(app-pages-browser)/./src/lib/ws-client.ts:8
[ 3904285ms] [ERROR] [WS] Error: Event @ webpack-internal:///(app-pages-browser)/../../node_modules/.pnpm/next@15.5.12_react-dom@19.2.4_react@19.2.4__react@19.2.4/node_modules/next/dist/next-devtools/userspace/app/errors/intercept-console-error.js:56
[ 3907292ms] [ERROR] WebSocket connection to 'ws://localhost:2078/ws' failed: Error in connection establishment: net::ERR_CONNECTION_REFUSED @ webpack-internal:///(app-pages-browser)/./src/lib/ws-client.ts:8
[ 3907292ms] [ERROR] [WS] Error: Event @ webpack-internal:///(app-pages-browser)/../../node_modules/.pnpm/next@15.5.12_react-dom@19.2.4_react@19.2.4__react@19.2.4/node_modules/next/dist/next-devtools/userspace/app/errors/intercept-console-error.js:56
[ 3910298ms] [ERROR] WebSocket connection to 'ws://localhost:2078/ws' failed: Error in connection establishment: net::ERR_CONNECTION_REFUSED @ webpack-internal:///(app-pages-browser)/./src/lib/ws-client.ts:8
[ 3910298ms] [ERROR] [WS] Error: Event @ webpack-internal:///(app-pages-browser)/../../node_modules/.pnpm/next@15.5.12_react-dom@19.2.4_react@19.2.4__react@19.2.4/node_modules/next/dist/next-devtools/userspace/app/errors/intercept-console-error.js:56
[ 3913305ms] [ERROR] WebSocket connection to 'ws://localhost:2078/ws' failed: Error in connection establishment: net::ERR_CONNECTION_REFUSED @ webpack-internal:///(app-pages-browser)/./src/lib/ws-client.ts:8
[ 3913305ms] [ERROR] [WS] Error: Event @ webpack-internal:///(app-pages-browser)/../../node_modules/.pnpm/next@15.5.12_react-dom@19.2.4_react@19.2.4__react@19.2.4/node_modules/next/dist/next-devtools/userspace/app/errors/intercept-console-error.js:56
[ 3916314ms] [ERROR] WebSocket connection to 'ws://localhost:2078/ws' failed: Error in connection establishment: net::ERR_CONNECTION_REFUSED @ webpack-internal:///(app-pages-browser)/./src/lib/ws-client.ts:8
[ 3916314ms] [ERROR] [WS] Error: Event @ webpack-internal:///(app-pages-browser)/../../node_modules/.pnpm/next@15.5.12_react-dom@19.2.4_react@19.2.4__react@19.2.4/node_modules/next/dist/next-devtools/userspace/app/errors/intercept-console-error.js:56
[ 3919325ms] [ERROR] WebSocket connection to 'ws://localhost:2078/ws' failed: Error in connection establishment: net::ERR_CONNECTION_REFUSED @ webpack-internal:///(app-pages-browser)/./src/lib/ws-client.ts:8
[ 3919325ms] [ERROR] [WS] Error: Event @ webpack-internal:///(app-pages-browser)/../../node_modules/.pnpm/next@15.5.12_react-dom@19.2.4_react@19.2.4__react@19.2.4/node_modules/next/dist/next-devtools/userspace/app/errors/intercept-console-error.js:56
[ 3922332ms] [ERROR] WebSocket connection to 'ws://localhost:2078/ws' failed: Error in connection establishment: net::ERR_CONNECTION_REFUSED @ webpack-internal:///(app-pages-browser)/./src/lib/ws-client.ts:8
[ 3922333ms] [ERROR] [WS] Error: Event @ webpack-internal:///(app-pages-browser)/../../node_modules/.pnpm/next@15.5.12_react-dom@19.2.4_react@19.2.4__react@19.2.4/node_modules/next/dist/next-devtools/userspace/app/errors/intercept-console-error.js:56
[ 3925344ms] [ERROR] WebSocket connection to 'ws://localhost:2078/ws' failed: Error in connection establishment: net::ERR_CONNECTION_REFUSED @ webpack-internal:///(app-pages-browser)/./src/lib/ws-client.ts:8
[ 3925344ms] [ERROR] [WS] Error: Event @ webpack-internal:///(app-pages-browser)/../../node_modules/.pnpm/next@15.5.12_react-dom@19.2.4_react@19.2.4__react@19.2.4/node_modules/next/dist/next-devtools/userspace/app/errors/intercept-console-error.js:56
[ 3928355ms] [ERROR] WebSocket connection to 'ws://localhost:2078/ws' failed: Error in connection establishment: net::ERR_CONNECTION_REFUSED @ webpack-internal:///(app-pages-browser)/./src/lib/ws-client.ts:8
[ 3928355ms] [ERROR] [WS] Error: Event @ webpack-internal:///(app-pages-browser)/../../node_modules/.pnpm/next@15.5.12_react-dom@19.2.4_react@19.2.4__react@19.2.4/node_modules/next/dist/next-devtools/userspace/app/errors/intercept-console-error.js:56
[ 3931379ms] [ERROR] WebSocket connection to 'ws://localhost:2078/ws' failed: Error in connection establishment: net::ERR_CONNECTION_REFUSED @ webpack-internal:///(app-pages-browser)/./src/lib/ws-client.ts:8
[ 3931379ms] [ERROR] [WS] Error: Event @ webpack-internal:///(app-pages-browser)/../../node_modules/.pnpm/next@15.5.12_react-dom@19.2.4_react@19.2.4__react@19.2.4/node_modules/next/dist/next-devtools/userspace/app/errors/intercept-console-error.js:56
[ 3934395ms] [ERROR] WebSocket connection to 'ws://localhost:2078/ws' failed: Error in connection establishment: net::ERR_CONNECTION_REFUSED @ webpack-internal:///(app-pages-browser)/./src/lib/ws-client.ts:8
[ 3934395ms] [ERROR] [WS] Error: Event @ webpack-internal:///(app-pages-browser)/../../node_modules/.pnpm/next@15.5.12_react-dom@19.2.4_react@19.2.4__react@19.2.4/node_modules/next/dist/next-devtools/userspace/app/errors/intercept-console-error.js:56
[ 3937404ms] [ERROR] WebSocket connection to 'ws://localhost:2078/ws' failed: Error in connection establishment: net::ERR_CONNECTION_REFUSED @ webpack-internal:///(app-pages-browser)/./src/lib/ws-client.ts:8
[ 3937404ms] [ERROR] [WS] Error: Event @ webpack-internal:///(app-pages-browser)/../../node_modules/.pnpm/next@15.5.12_react-dom@19.2.4_react@19.2.4__react@19.2.4/node_modules/next/dist/next-devtools/userspace/app/errors/intercept-console-error.js:56
[ 3940429ms] [ERROR] WebSocket connection to 'ws://localhost:2078/ws' failed: Error in connection establishment: net::ERR_CONNECTION_REFUSED @ webpack-internal:///(app-pages-browser)/./src/lib/ws-client.ts:8
[ 3940429ms] [ERROR] [WS] Error: Event @ webpack-internal:///(app-pages-browser)/../../node_modules/.pnpm/next@15.5.12_react-dom@19.2.4_react@19.2.4__react@19.2.4/node_modules/next/dist/next-devtools/userspace/app/errors/intercept-console-error.js:56
[ 3943447ms] [ERROR] WebSocket connection to 'ws://localhost:2078/ws' failed: Error in connection establishment: net::ERR_CONNECTION_REFUSED @ webpack-internal:///(app-pages-browser)/./src/lib/ws-client.ts:8
[ 3943448ms] [ERROR] [WS] Error: Event @ webpack-internal:///(app-pages-browser)/../../node_modules/.pnpm/next@15.5.12_react-dom@19.2.4_react@19.2.4__react@19.2.4/node_modules/next/dist/next-devtools/userspace/app/errors/intercept-console-error.js:56
[ 3946464ms] [ERROR] WebSocket connection to 'ws://localhost:2078/ws' failed: Error in connection establishment: net::ERR_CONNECTION_REFUSED @ webpack-internal:///(app-pages-browser)/./src/lib/ws-client.ts:8
[ 3946464ms] [ERROR] [WS] Error: Event @ webpack-internal:///(app-pages-browser)/../../node_modules/.pnpm/next@15.5.12_react-dom@19.2.4_react@19.2.4__react@19.2.4/node_modules/next/dist/next-devtools/userspace/app/errors/intercept-console-error.js:56
[ 3949503ms] [ERROR] WebSocket connection to 'ws://localhost:2078/ws' failed: Error in connection establishment: net::ERR_CONNECTION_REFUSED @ webpack-internal:///(app-pages-browser)/./src/lib/ws-client.ts:8
[ 3949503ms] [ERROR] [WS] Error: Event @ webpack-internal:///(app-pages-browser)/../../node_modules/.pnpm/next@15.5.12_react-dom@19.2.4_react@19.2.4__react@19.2.4/node_modules/next/dist/next-devtools/userspace/app/errors/intercept-console-error.js:56
[ 3952534ms] [ERROR] WebSocket connection to 'ws://localhost:2078/ws' failed: Error in connection establishment: net::ERR_CONNECTION_REFUSED @ webpack-internal:///(app-pages-browser)/./src/lib/ws-client.ts:8
[ 3952534ms] [ERROR] [WS] Error: Event @ webpack-internal:///(app-pages-browser)/../../node_modules/.pnpm/next@15.5.12_react-dom@19.2.4_react@19.2.4__react@19.2.4/node_modules/next/dist/next-devtools/userspace/app/errors/intercept-console-error.js:56
[ 3955557ms] [ERROR] WebSocket connection to 'ws://localhost:2078/ws' failed: Error in connection establishment: net::ERR_CONNECTION_REFUSED @ webpack-internal:///(app-pages-browser)/./src/lib/ws-client.ts:8
[ 3955557ms] [ERROR] [WS] Error: Event @ webpack-internal:///(app-pages-browser)/../../node_modules/.pnpm/next@15.5.12_react-dom@19.2.4_react@19.2.4__react@19.2.4/node_modules/next/dist/next-devtools/userspace/app/errors/intercept-console-error.js:56
[ 3958627ms] [ERROR] WebSocket connection to 'ws://localhost:2078/ws' failed: Error in connection establishment: net::ERR_CONNECTION_REFUSED @ webpack-internal:///(app-pages-browser)/./src/lib/ws-client.ts:8
[ 3958628ms] [ERROR] [WS] Error: Event @ webpack-internal:///(app-pages-browser)/../../node_modules/.pnpm/next@15.5.12_react-dom@19.2.4_react@19.2.4__react@19.2.4/node_modules/next/dist/next-devtools/userspace/app/errors/intercept-console-error.js:56
[ 3961694ms] [ERROR] WebSocket connection to 'ws://localhost:2078/ws' failed: Error in connection establishment: net::ERR_CONNECTION_REFUSED @ webpack-internal:///(app-pages-browser)/./src/lib/ws-client.ts:8
[ 3961694ms] [ERROR] [WS] Error: Event @ webpack-internal:///(app-pages-browser)/../../node_modules/.pnpm/next@15.5.12_react-dom@19.2.4_react@19.2.4__react@19.2.4/node_modules/next/dist/next-devtools/userspace/app/errors/intercept-console-error.js:56
[ 3964779ms] [ERROR] WebSocket connection to 'ws://localhost:2078/ws' failed: Error in connection establishment: net::ERR_CONNECTION_REFUSED @ webpack-internal:///(app-pages-browser)/./src/lib/ws-client.ts:8
[ 3964779ms] [ERROR] [WS] Error: Event @ webpack-internal:///(app-pages-browser)/../../node_modules/.pnpm/next@15.5.12_react-dom@19.2.4_react@19.2.4__react@19.2.4/node_modules/next/dist/next-devtools/userspace/app/errors/intercept-console-error.js:56
[ 3967881ms] [ERROR] WebSocket connection to 'ws://localhost:2078/ws' failed: Error in connection establishment: net::ERR_CONNECTION_REFUSED @ webpack-internal:///(app-pages-browser)/./src/lib/ws-client.ts:8
[ 3967882ms] [ERROR] [WS] Error: Event @ webpack-internal:///(app-pages-browser)/../../node_modules/.pnpm/next@15.5.12_react-dom@19.2.4_react@19.2.4__react@19.2.4/node_modules/next/dist/next-devtools/userspace/app/errors/intercept-console-error.js:56
[ 3970909ms] [ERROR] WebSocket connection to 'ws://localhost:2078/ws' failed: Error in connection establishment: net::ERR_CONNECTION_REFUSED @ webpack-internal:///(app-pages-browser)/./src/lib/ws-client.ts:8
[ 3970910ms] [ERROR] [WS] Error: Event @ webpack-internal:///(app-pages-browser)/../../node_modules/.pnpm/next@15.5.12_react-dom@19.2.4_react@19.2.4__react@19.2.4/node_modules/next/dist/next-devtools/userspace/app/errors/intercept-console-error.js:56
[ 3974035ms] [ERROR] WebSocket connection to 'ws://localhost:2078/ws' failed: Error in connection establishment: net::ERR_CONNECTION_REFUSED @ webpack-internal:///(app-pages-browser)/./src/lib/ws-client.ts:8
[ 3974035ms] [ERROR] [WS] Error: Event @ webpack-internal:///(app-pages-browser)/../../node_modules/.pnpm/next@15.5.12_react-dom@19.2.4_react@19.2.4__react@19.2.4/node_modules/next/dist/next-devtools/userspace/app/errors/intercept-console-error.js:56
[ 3977204ms] [ERROR] WebSocket connection to 'ws://localhost:2078/ws' failed: Error in connection establishment: net::ERR_CONNECTION_REFUSED @ webpack-internal:///(app-pages-browser)/./src/lib/ws-client.ts:8
[ 3977212ms] [ERROR] [WS] Error: Event @ webpack-internal:///(app-pages-browser)/../../node_modules/.pnpm/next@15.5.12_react-dom@19.2.4_react@19.2.4__react@19.2.4/node_modules/next/dist/next-devtools/userspace/app/errors/intercept-console-error.js:56
[ 3980283ms] [ERROR] WebSocket connection to 'ws://localhost:2078/ws' failed: Error in connection establishment: net::ERR_CONNECTION_REFUSED @ webpack-internal:///(app-pages-browser)/./src/lib/ws-client.ts:8
[ 3980283ms] [ERROR] [WS] Error: Event @ webpack-internal:///(app-pages-browser)/../../node_modules/.pnpm/next@15.5.12_react-dom@19.2.4_react@19.2.4__react@19.2.4/node_modules/next/dist/next-devtools/userspace/app/errors/intercept-console-error.js:56
[ 3983370ms] [ERROR] WebSocket connection to 'ws://localhost:2078/ws' failed: Error in connection establishment: net::ERR_CONNECTION_REFUSED @ webpack-internal:///(app-pages-browser)/./src/lib/ws-client.ts:8
[ 3983371ms] [ERROR] [WS] Error: Event @ webpack-internal:///(app-pages-browser)/../../node_modules/.pnpm/next@15.5.12_react-dom@19.2.4_react@19.2.4__react@19.2.4/node_modules/next/dist/next-devtools/userspace/app/errors/intercept-console-error.js:56
[ 3986428ms] [ERROR] WebSocket connection to 'ws://localhost:2078/ws' failed: Error in connection establishment: net::ERR_CONNECTION_REFUSED @ webpack-internal:///(app-pages-browser)/./src/lib/ws-client.ts:8
[ 3986428ms] [ERROR] [WS] Error: Event @ webpack-internal:///(app-pages-browser)/../../node_modules/.pnpm/next@15.5.12_react-dom@19.2.4_react@19.2.4__react@19.2.4/node_modules/next/dist/next-devtools/userspace/app/errors/intercept-console-error.js:56
[ 3989648ms] [ERROR] WebSocket connection to 'ws://localhost:2078/ws' failed: Error in connection establishment: net::ERR_CONNECTION_REFUSED @ webpack-internal:///(app-pages-browser)/./src/lib/ws-client.ts:8
[ 3989648ms] [ERROR] [WS] Error: Event @ webpack-internal:///(app-pages-browser)/../../node_modules/.pnpm/next@15.5.12_react-dom@19.2.4_react@19.2.4__react@19.2.4/node_modules/next/dist/next-devtools/userspace/app/errors/intercept-console-error.js:56
[ 3992819ms] [ERROR] WebSocket connection to 'ws://localhost:2078/ws' failed: Error in connection establishment: net::ERR_CONNECTION_REFUSED @ webpack-internal:///(app-pages-browser)/./src/lib/ws-client.ts:8
[ 3992820ms] [ERROR] [WS] Error: Event @ webpack-internal:///(app-pages-browser)/../../node_modules/.pnpm/next@15.5.12_react-dom@19.2.4_react@19.2.4__react@19.2.4/node_modules/next/dist/next-devtools/userspace/app/errors/intercept-console-error.js:56
[ 3995994ms] [ERROR] WebSocket connection to 'ws://localhost:2078/ws' failed: Error in connection establishment: net::ERR_CONNECTION_REFUSED @ webpack-internal:///(app-pages-browser)/./src/lib/ws-client.ts:8
[ 3995994ms] [ERROR] [WS] Error: Event @ webpack-internal:///(app-pages-browser)/../../node_modules/.pnpm/next@15.5.12_react-dom@19.2.4_react@19.2.4__react@19.2.4/node_modules/next/dist/next-devtools/userspace/app/errors/intercept-console-error.js:56
[ 3999206ms] [ERROR] WebSocket connection to 'ws://localhost:2078/ws' failed: Error in connection establishment: net::ERR_CONNECTION_REFUSED @ webpack-internal:///(app-pages-browser)/./src/lib/ws-client.ts:8
[ 3999207ms] [ERROR] [WS] Error: Event @ webpack-internal:///(app-pages-browser)/../../node_modules/.pnpm/next@15.5.12_react-dom@19.2.4_react@19.2.4__react@19.2.4/node_modules/next/dist/next-devtools/userspace/app/errors/intercept-console-error.js:56
[ 4002314ms] [ERROR] WebSocket connection to 'ws://localhost:2078/ws' failed: Error in connection establishment: net::ERR_CONNECTION_REFUSED @ webpack-internal:///(app-pages-browser)/./src/lib/ws-client.ts:8
[ 4002314ms] [ERROR] [WS] Error: Event @ webpack-internal:///(app-pages-browser)/../../node_modules/.pnpm/next@15.5.12_react-dom@19.2.4_react@19.2.4__react@19.2.4/node_modules/next/dist/next-devtools/userspace/app/errors/intercept-console-error.js:56
[ 4005830ms] [ERROR] WebSocket connection to 'ws://localhost:2078/ws' failed: Error in connection establishment: net::ERR_CONNECTION_REFUSED @ webpack-internal:///(app-pages-browser)/./src/lib/ws-client.ts:8
[ 4005830ms] [ERROR] [WS] Error: Event @ webpack-internal:///(app-pages-browser)/../../node_modules/.pnpm/next@15.5.12_react-dom@19.2.4_react@19.2.4__react@19.2.4/node_modules/next/dist/next-devtools/userspace/app/errors/intercept-console-error.js:56
[ 4009314ms] [ERROR] WebSocket connection to 'ws://localhost:2078/ws' failed: Error in connection establishment: net::ERR_CONNECTION_REFUSED @ webpack-internal:///(app-pages-browser)/./src/lib/ws-client.ts:8
[ 4009315ms] [ERROR] [WS] Error: Event @ webpack-internal:///(app-pages-browser)/../../node_modules/.pnpm/next@15.5.12_react-dom@19.2.4_react@19.2.4__react@19.2.4/node_modules/next/dist/next-devtools/userspace/app/errors/intercept-console-error.js:56
[ 4012318ms] [ERROR] WebSocket connection to 'ws://localhost:2078/ws' failed: Error in connection establishment: net::ERR_CONNECTION_REFUSED @ webpack-internal:///(app-pages-browser)/./src/lib/ws-client.ts:8
[ 4012319ms] [ERROR] [WS] Error: Event @ webpack-internal:///(app-pages-browser)/../../node_modules/.pnpm/next@15.5.12_react-dom@19.2.4_react@19.2.4__react@19.2.4/node_modules/next/dist/next-devtools/userspace/app/errors/intercept-console-error.js:56
[ 4015321ms] [ERROR] WebSocket connection to 'ws://localhost:2078/ws' failed: Error in connection establishment: net::ERR_CONNECTION_REFUSED @ webpack-internal:///(app-pages-browser)/./src/lib/ws-client.ts:8
[ 4015322ms] [ERROR] [WS] Error: Event @ webpack-internal:///(app-pages-browser)/../../node_modules/.pnpm/next@15.5.12_react-dom@19.2.4_react@19.2.4__react@19.2.4/node_modules/next/dist/next-devtools/userspace/app/errors/intercept-console-error.js:56
[ 4018325ms] [ERROR] WebSocket connection to 'ws://localhost:2078/ws' failed: Error in connection establishment: net::ERR_CONNECTION_REFUSED @ webpack-internal:///(app-pages-browser)/./src/lib/ws-client.ts:8
[ 4018325ms] [ERROR] [WS] Error: Event @ webpack-internal:///(app-pages-browser)/../../node_modules/.pnpm/next@15.5.12_react-dom@19.2.4_react@19.2.4__react@19.2.4/node_modules/next/dist/next-devtools/userspace/app/errors/intercept-console-error.js:56
[ 4021329ms] [ERROR] WebSocket connection to 'ws://localhost:2078/ws' failed: Error in connection establishment: net::ERR_CONNECTION_REFUSED @ webpack-internal:///(app-pages-browser)/./src/lib/ws-client.ts:8
[ 4021330ms] [ERROR] [WS] Error: Event @ webpack-internal:///(app-pages-browser)/../../node_modules/.pnpm/next@15.5.12_react-dom@19.2.4_react@19.2.4__react@19.2.4/node_modules/next/dist/next-devtools/userspace/app/errors/intercept-console-error.js:56
[ 4024334ms] [ERROR] WebSocket connection to 'ws://localhost:2078/ws' failed: Error in connection establishment: net::ERR_CONNECTION_REFUSED @ webpack-internal:///(app-pages-browser)/./src/lib/ws-client.ts:8
[ 4024334ms] [ERROR] [WS] Error: Event @ webpack-internal:///(app-pages-browser)/../../node_modules/.pnpm/next@15.5.12_react-dom@19.2.4_react@19.2.4__react@19.2.4/node_modules/next/dist/next-devtools/userspace/app/errors/intercept-console-error.js:56
[ 4027342ms] [ERROR] WebSocket connection to 'ws://localhost:2078/ws' failed: Error in connection establishment: net::ERR_CONNECTION_REFUSED @ webpack-internal:///(app-pages-browser)/./src/lib/ws-client.ts:8
[ 4027342ms] [ERROR] [WS] Error: Event @ webpack-internal:///(app-pages-browser)/../../node_modules/.pnpm/next@15.5.12_react-dom@19.2.4_react@19.2.4__react@19.2.4/node_modules/next/dist/next-devtools/userspace/app/errors/intercept-console-error.js:56
[ 4030355ms] [ERROR] WebSocket connection to 'ws://localhost:2078/ws' failed: Error in connection establishment: net::ERR_CONNECTION_REFUSED @ webpack-internal:///(app-pages-browser)/./src/lib/ws-client.ts:8
[ 4030355ms] [ERROR] [WS] Error: Event @ webpack-internal:///(app-pages-browser)/../../node_modules/.pnpm/next@15.5.12_react-dom@19.2.4_react@19.2.4__react@19.2.4/node_modules/next/dist/next-devtools/userspace/app/errors/intercept-console-error.js:56
[ 4033381ms] [ERROR] WebSocket connection to 'ws://localhost:2078/ws' failed: Error in connection establishment: net::ERR_CONNECTION_REFUSED @ webpack-internal:///(app-pages-browser)/./src/lib/ws-client.ts:8
[ 4033381ms] [ERROR] [WS] Error: Event @ webpack-internal:///(app-pages-browser)/../../node_modules/.pnpm/next@15.5.12_react-dom@19.2.4_react@19.2.4__react@19.2.4/node_modules/next/dist/next-devtools/userspace/app/errors/intercept-console-error.js:56
[ 4052943ms] [ERROR] WebSocket connection to 'ws://localhost:2078/ws' failed: Error in connection establishment: net::ERR_CONNECTION_REFUSED @ webpack-internal:///(app-pages-browser)/./src/lib/ws-client.ts:8
[ 4052943ms] [ERROR] [WS] Error: Event @ webpack-internal:///(app-pages-browser)/../../node_modules/.pnpm/next@15.5.12_react-dom@19.2.4_react@19.2.4__react@19.2.4/node_modules/next/dist/next-devtools/userspace/app/errors/intercept-console-error.js:56
[ 4068176ms] [ERROR] WebSocket connection to 'ws://localhost:2078/ws' failed:  @ webpack-internal:///(app-pages-browser)/./src/lib/ws-client.ts:8
[ 4068176ms] [ERROR] [WS] Error: Event @ webpack-internal:///(app-pages-browser)/../../node_modules/.pnpm/next@15.5.12_react-dom@19.2.4_react@19.2.4__react@19.2.4/node_modules/next/dist/next-devtools/userspace/app/errors/intercept-console-error.js:56
[ 4071198ms] [ERROR] WebSocket connection to 'ws://localhost:2078/ws' failed: Error in connection establishment: net::ERR_CONNECTION_REFUSED @ webpack-internal:///(app-pages-browser)/./src/lib/ws-client.ts:8
[ 4071198ms] [ERROR] [WS] Error: Event @ webpack-internal:///(app-pages-browser)/../../node_modules/.pnpm/next@15.5.12_react-dom@19.2.4_react@19.2.4__react@19.2.4/node_modules/next/dist/next-devtools/userspace/app/errors/intercept-console-error.js:56
[ 4074150ms] [ERROR] WebSocket connection to 'ws://localhost:2078/ws' failed: Error in connection establishment: net::ERR_CONNECTION_REFUSED @ webpack-internal:///(app-pages-browser)/./src/lib/ws-client.ts:8
[ 4074151ms] [ERROR] [WS] Error: Event @ webpack-internal:///(app-pages-browser)/../../node_modules/.pnpm/next@15.5.12_react-dom@19.2.4_react@19.2.4__react@19.2.4/node_modules/next/dist/next-devtools/userspace/app/errors/intercept-console-error.js:56
[ 4077153ms] [ERROR] WebSocket connection to 'ws://localhost:2078/ws' failed: Error in connection establishment: net::ERR_CONNECTION_REFUSED @ webpack-internal:///(app-pages-browser)/./src/lib/ws-client.ts:8
[ 4077154ms] [ERROR] [WS] Error: Event @ webpack-internal:///(app-pages-browser)/../../node_modules/.pnpm/next@15.5.12_react-dom@19.2.4_react@19.2.4__react@19.2.4/node_modules/next/dist/next-devtools/userspace/app/errors/intercept-console-error.js:56
[ 4080157ms] [ERROR] WebSocket connection to 'ws://localhost:2078/ws' failed: Error in connection establishment: net::ERR_CONNECTION_REFUSED @ webpack-internal:///(app-pages-browser)/./src/lib/ws-client.ts:8
[ 4080158ms] [ERROR] [WS] Error: Event @ webpack-internal:///(app-pages-browser)/../../node_modules/.pnpm/next@15.5.12_react-dom@19.2.4_react@19.2.4__react@19.2.4/node_modules/next/dist/next-devtools/userspace/app/errors/intercept-console-error.js:56
[ 4361825ms] [ERROR] WebSocket connection to 'ws://localhost:2078/ws' failed: Error in connection establishment: net::ERR_CONNECTION_REFUSED @ webpack-internal:///(app-pages-browser)/./src/lib/ws-client.ts:8
[ 4361826ms] [ERROR] [WS] Error: Event @ webpack-internal:///(app-pages-browser)/../../node_modules/.pnpm/next@15.5.12_react-dom@19.2.4_react@19.2.4__react@19.2.4/node_modules/next/dist/next-devtools/userspace/app/errors/intercept-console-error.js:56
[ 4364828ms] [ERROR] WebSocket connection to 'ws://localhost:2078/ws' failed: Error in connection establishment: net::ERR_CONNECTION_REFUSED @ webpack-internal:///(app-pages-browser)/./src/lib/ws-client.ts:8
[ 4364828ms] [ERROR] [WS] Error: Event @ webpack-internal:///(app-pages-browser)/../../node_modules/.pnpm/next@15.5.12_react-dom@19.2.4_react@19.2.4__react@19.2.4/node_modules/next/dist/next-devtools/userspace/app/errors/intercept-console-error.js:56
[ 4367831ms] [ERROR] WebSocket connection to 'ws://localhost:2078/ws' failed: Error in connection establishment: net::ERR_CONNECTION_REFUSED @ webpack-internal:///(app-pages-browser)/./src/lib/ws-client.ts:8
[ 4367831ms] [ERROR] [WS] Error: Event @ webpack-internal:///(app-pages-browser)/../../node_modules/.pnpm/next@15.5.12_react-dom@19.2.4_react@19.2.4__react@19.2.4/node_modules/next/dist/next-devtools/userspace/app/errors/intercept-console-error.js:56
