[   12296ms] [ERROR] In HTML, %s cannot be a descendant of <%s>.
This will cause a hydration error.%s <button> button 

  ...
    <HTTPAccessFallbackBoundary notFound={undefined} forbidden={undefined} unauthorized={undefined}>
      <RedirectBoundary>
        <RedirectErrorBoundary router={{...}}>
          <InnerLayoutRouter url="/skills" tree={[...]} cacheNode={{lazyData:null, ...}} segmentPath={[...]}>
            <SegmentViewNode type="page" pagePath="skills/pag...">
              <SegmentTrieNode>
              <ClientPageRoot Component={function SkillsPage} searchParams={{}} params={{}}>
                <SkillsPage params={Promise} searchParams={Promise}>
                  <div className="flex min-h...">
                    <Sidebar>
                    <main className="ml-16 flex-1">
                      <Header>
                      <div className="mx-auto ma...">
                        <div>
                        <div>
                        <div>
                          <div className="mb-5 flex ...">
>                           <button
>                             onClick={function onClick}
>                             className="group flex items-center gap-1.5 rounded-full border px-3 py-1.5 font-mono tex..."
>                           >
                              <span>
                              <span>
>                             <button
>                               onClick={function onClick}
>                               className="ml-1 hidden rounded-full p-0.5 text-text-muted hover:bg-neon-red/10 hover:t..."
>                               title="Remove marketplace"
>                             >
                            ...
            ...
          ...
 @ webpack-internal:///(app-pages-browser)/../../node_modules/.pnpm/next@15.5.12_react-dom@19.2.4_react@19.2.4__react@19.2.4/node_modules/next/dist/next-devtools/userspace/app/errors/intercept-console-error.js:56
[31738705ms] [ERROR] WebSocket connection to 'ws://localhost:2078/ws' failed: Error in connection establishment: net::ERR_CONNECTION_REFUSED @ webpack-internal:///(app-pages-browser)/./src/lib/ws-client.ts:11
[31738706ms] [WARNING] [WS] Connection error, will reconnect... @ webpack-internal:///(app-pages-browser)/./src/lib/ws-client.ts:34
[31740746ms] [ERROR] Failed to load resource: net::ERR_CONNECTION_REFUSED @ http://localhost:2078/api/dashboard/stats:0
[31741708ms] [ERROR] WebSocket connection to 'ws://localhost:2078/ws' failed: Error in connection establishment: net::ERR_CONNECTION_REFUSED @ webpack-internal:///(app-pages-browser)/./src/lib/ws-client.ts:11
[31741708ms] [WARNING] [WS] Connection error, will reconnect... @ webpack-internal:///(app-pages-browser)/./src/lib/ws-client.ts:34
[31744711ms] [ERROR] WebSocket connection to 'ws://localhost:2078/ws' failed: Error in connection establishment: net::ERR_CONNECTION_REFUSED @ webpack-internal:///(app-pages-browser)/./src/lib/ws-client.ts:11
[31744711ms] [WARNING] [WS] Connection error, will reconnect... @ webpack-internal:///(app-pages-browser)/./src/lib/ws-client.ts:34
[31747713ms] [ERROR] WebSocket connection to 'ws://localhost:2078/ws' failed: Error in connection establishment: net::ERR_CONNECTION_REFUSED @ webpack-internal:///(app-pages-browser)/./src/lib/ws-client.ts:11
[31747713ms] [WARNING] [WS] Connection error, will reconnect... @ webpack-internal:///(app-pages-browser)/./src/lib/ws-client.ts:34
[31750718ms] [ERROR] WebSocket connection to 'ws://localhost:2078/ws' failed: Error in connection establishment: net::ERR_CONNECTION_REFUSED @ webpack-internal:///(app-pages-browser)/./src/lib/ws-client.ts:11
[31750718ms] [WARNING] [WS] Connection error, will reconnect... @ webpack-internal:///(app-pages-browser)/./src/lib/ws-client.ts:34
[31753728ms] [ERROR] WebSocket connection to 'ws://localhost:2078/ws' failed: Error in connection establishment: net::ERR_CONNECTION_REFUSED @ webpack-internal:///(app-pages-browser)/./src/lib/ws-client.ts:11
[31753728ms] [WARNING] [WS] Connection error, will reconnect... @ webpack-internal:///(app-pages-browser)/./src/lib/ws-client.ts:34
[31756743ms] [ERROR] WebSocket connection to 'ws://localhost:2078/ws' failed: Error in connection establishment: net::ERR_CONNECTION_REFUSED @ webpack-internal:///(app-pages-browser)/./src/lib/ws-client.ts:11
[31756743ms] [WARNING] [WS] Connection error, will reconnect... @ webpack-internal:///(app-pages-browser)/./src/lib/ws-client.ts:34
[31759767ms] [ERROR] WebSocket connection to 'ws://localhost:2078/ws' failed: Error in connection establishment: net::ERR_CONNECTION_REFUSED @ webpack-internal:///(app-pages-browser)/./src/lib/ws-client.ts:11
[31759768ms] [WARNING] [WS] Connection error, will reconnect... @ webpack-internal:///(app-pages-browser)/./src/lib/ws-client.ts:34
[31762802ms] [ERROR] WebSocket connection to 'ws://localhost:2078/ws' failed: Error in connection establishment: net::ERR_CONNECTION_REFUSED @ webpack-internal:///(app-pages-browser)/./src/lib/ws-client.ts:11
[31762802ms] [WARNING] [WS] Connection error, will reconnect... @ webpack-internal:///(app-pages-browser)/./src/lib/ws-client.ts:34
[31782184ms] TypeError: fetchMarketplaces is not a function
    at SkillsPage.useEffect (webpack-internal:///(app-pages-browser)/./src/app/skills/page.tsx:48:13)
    at Object.react_stack_bottom_frame (webpack-internal:///(app-pages-browser)/../../node_modules/.pnpm/next@15.5.12_react-dom@19.2.4_react@19.2.4__react@19.2.4/node_modules/next/dist/compiled/react-dom/cjs/react-dom-client.development.js:23669:20)
    at runWithFiberInDEV (webpack-internal:///(app-pages-browser)/../../node_modules/.pnpm/next@15.5.12_react-dom@19.2.4_react@19.2.4__react@19.2.4/node_modules/next/dist/compiled/react-dom/cjs/react-dom-client.development.js:872:30)
    at commitHookEffectListMount (webpack-internal:///(app-pages-browser)/../../node_modules/.pnpm/next@15.5.12_react-dom@19.2.4_react@19.2.4__react@19.2.4/node_modules/next/dist/compiled/react-dom/cjs/react-dom-client.development.js:12345:29)
    at commitHookPassiveMountEffects (webpack-internal:///(app-pages-browser)/../../node_modules/.pnpm/next@15.5.12_react-dom@19.2.4_react@19.2.4__react@19.2.4/node_modules/next/dist/compiled/react-dom/cjs/react-dom-client.development.js:12466:11)
    at commitPassiveMountOnFiber (webpack-internal:///(app-pages-browser)/../../node_modules/.pnpm/next@15.5.12_react-dom@19.2.4_react@19.2.4__react@19.2.4/node_modules/next/dist/compiled/react-dom/cjs/react-dom-client.development.js:14387:13)
    at recursivelyTraversePassiveMountEffects (webpack-internal:///(app-pages-browser)/../../node_modules/.pnpm/next@15.5.12_react-dom@19.2.4_react@19.2.4__react@19.2.4/node_modules/next/dist/compiled/react-dom/cjs/react-dom-client.development.js:14360:11)
    at commitPassiveMountOnFiber (webpack-internal:///(app-pages-browser)/../../node_modules/.pnpm/next@15.5.12_react-dom@19.2.4_react@19.2.4__react@19.2.4/node_modules/next/dist/compiled/react-dom/cjs/react-dom-client.development.js:14380:11)
    at recursivelyTraversePassiveMountEffects (webpack-internal:///(app-pages-browser)/../../node_modules/.pnpm/next@15.5.12_react-dom@19.2.4_react@19.2.4__react@19.2.4/node_modules/next/dist/compiled/react-dom/cjs/react-dom-client.development.js:14360:11)
    at commitPassiveMountOnFiber (webpack-internal:///(app-pages-browser)/../../node_modules/.pnpm/next@15.5.12_react-dom@19.2.4_react@19.2.4__react@19.2.4/node_modules/next/dist/compiled/react-dom/cjs/react-dom-client.development.js:14380:11)
    at recursivelyTraversePassiveMountEffects (webpack-internal:///(app-pages-browser)/../../node_modules/.pnpm/next@15.5.12_react-dom@19.2.4_react@19.2.4__react@19.2.4/node_modules/next/dist/compiled/react-dom/cjs/react-dom-client.development.js:14360:11)
    at commitPassiveMountOnFiber (webpack-internal:///(app-pages-browser)/../../node_modules/.pnpm/next@15.5.12_react-dom@19.2.4_react@19.2.4__react@19.2.4/node_modules/next/dist/compiled/react-dom/cjs/react-dom-client.development.js:14514:11)
    at recursivelyTraversePassiveMountEffects (webpack-internal:///(app-pages-browser)/../../node_modules/.pnpm/next@15.5.12_react-dom@19.2.4_react@19.2.4__react@19.2.4/node_modules/next/dist/compiled/react-dom/cjs/react-dom-client.development.js:14360:11)
    at commitPassiveMountOnFiber (webpack-internal:///(app-pages-browser)/../../node_modules/.pnpm/next@15.5.12_react-dom@19.2.4_react@19.2.4__react@19.2.4/node_modules/next/dist/compiled/react-dom/cjs/react-dom-client.development.js:14514:11)
    at recursivelyTraversePassiveMountEffects (webpack-internal:///(app-pages-browser)/../../node_modules/.pnpm/next@15.5.12_react-dom@19.2.4_react@19.2.4__react@19.2.4/node_modules/next/dist/compiled/react-dom/cjs/react-dom-client.development.js:14360:11)
    at commitPassiveMountOnFiber (webpack-internal:///(app-pages-browser)/../../node_modules/.pnpm/next@15.5.12_react-dom@19.2.4_react@19.2.4__react@19.2.4/node_modules/next/dist/compiled/react-dom/cjs/react-dom-client.development.js:14380:11)
    at recursivelyTraversePassiveMountEffects (webpack-internal:///(app-pages-browser)/../../node_modules/.pnpm/next@15.5.12_react-dom@19.2.4_react@19.2.4__react@19.2.4/node_modules/next/dist/compiled/react-dom/cjs/react-dom-client.development.js:14360:11)
    at commitPassiveMountOnFiber (webpack-internal:///(app-pages-browser)/../../node_modules/.pnpm/next@15.5.12_react-dom@19.2.4_react@19.2.4__react@19.2.4/node_modules/next/dist/compiled/react-dom/cjs/react-dom-client.development.js:14390:11)
    at recursivelyTraversePassiveMountEffects (webpack-internal:///(app-pages-browser)/../../node_modules/.pnpm/next@15.5.12_react-dom@19.2.4_react@19.2.4__react@19.2.4/node_modules/next/dist/compiled/react-dom/cjs/react-dom-client.development.js:14360:11)
    at commitPassiveMountOnFiber (webpack-internal:///(app-pages-browser)/../../node_modules/.pnpm/next@15.5.12_react-dom@19.2.4_react@19.2.4__react@19.2.4/node_modules/next/dist/compiled/react-dom/cjs/react-dom-client.development.js:14380:11)
    at recursivelyTraversePassiveMountEffects (webpack-internal:///(app-pages-browser)/../../node_modules/.pnpm/next@15.5.12_react-dom@19.2.4_react@19.2.4__react@19.2.4/node_modules/next/dist/compiled/react-dom/cjs/react-dom-client.development.js:14360:11)
    at commitPassiveMountOnFiber (webpack-internal:///(app-pages-browser)/../../node_modules/.pnpm/next@15.5.12_react-dom@19.2.4_react@19.2.4__react@19.2.4/node_modules/next/dist/compiled/react-dom/cjs/react-dom-client.development.js:14380:11)
    at recursivelyTraversePassiveMountEffects (webpack-internal:///(app-pages-browser)/../../node_modules/.pnpm/next@15.5.12_react-dom@19.2.4_react@19.2.4__react@19.2.4/node_modules/next/dist/compiled/react-dom/cjs/react-dom-client.development.js:14360:11)
    at commitPassiveMountOnFiber (webpack-internal:///(app-pages-browser)/../../node_modules/.pnpm/next@15.5.12_react-dom@19.2.4_react@19.2.4__react@19.2.4/node_modules/next/dist/compiled/react-dom/cjs/react-dom-client.development.js:14380:11)
    at recursivelyTraversePassiveMountEffects (webpack-internal:///(app-pages-browser)/../../node_modules/.pnpm/next@15.5.12_react-dom@19.2.4_react@19.2.4__react@19.2.4/node_modules/next/dist/compiled/react-dom/cjs/react-dom-client.development.js:14360:11)
    at commitPassiveMountOnFiber (webpack-internal:///(app-pages-browser)/../../node_modules/.pnpm/next@15.5.12_react-dom@19.2.4_react@19.2.4__react@19.2.4/node_modules/next/dist/compiled/react-dom/cjs/react-dom-client.development.js:14380:11)
    at recursivelyTraversePassiveMountEffects (webpack-internal:///(app-pages-browser)/../../node_modules/.pnpm/next@15.5.12_react-dom@19.2.4_react@19.2.4__react@19.2.4/node_modules/next/dist/compiled/react-dom/cjs/react-dom-client.development.js:14360:11)
    at commitPassiveMountOnFiber (webpack-internal:///(app-pages-browser)/../../node_modules/.pnpm/next@15.5.12_react-dom@19.2.4_react@19.2.4__react@19.2.4/node_modules/next/dist/compiled/react-dom/cjs/react-dom-client.development.js:14390:11)
    at recursivelyTraversePassiveMountEffects (webpack-internal:///(app-pages-browser)/../../node_modules/.pnpm/next@15.5.12_react-dom@19.2.4_react@19.2.4__react@19.2.4/node_modules/next/dist/compiled/react-dom/cjs/react-dom-client.development.js:14360:11)
    at commitPassiveMountOnFiber (webpack-internal:///(app-pages-browser)/../../node_modules/.pnpm/next@15.5.12_react-dom@19.2.4_react@19.2.4__react@19.2.4/node_modules/next/dist/compiled/react-dom/cjs/react-dom-client.development.js:14380:11)
    at recursivelyTraversePassiveMountEffects (webpack-internal:///(app-pages-browser)/../../node_modules/.pnpm/next@15.5.12_react-dom@19.2.4_react@19.2.4__react@19.2.4/node_modules/next/dist/compiled/react-dom/cjs/react-dom-client.development.js:14360:11)
    at commitPassiveMountOnFiber (webpack-internal:///(app-pages-browser)/../../node_modules/.pnpm/next@15.5.12_react-dom@19.2.4_react@19.2.4__react@19.2.4/node_modules/next/dist/compiled/react-dom/cjs/react-dom-client.development.js:14380:11)
    at recursivelyTraversePassiveMountEffects (webpack-internal:///(app-pages-browser)/../../node_modules/.pnpm/next@15.5.12_react-dom@19.2.4_react@19.2.4__react@19.2.4/node_modules/next/dist/compiled/react-dom/cjs/react-dom-client.development.js:14360:11)
    at commitPassiveMountOnFiber (webpack-internal:///(app-pages-browser)/../../node_modules/.pnpm/next@15.5.12_react-dom@19.2.4_react@19.2.4__react@19.2.4/node_modules/next/dist/compiled/react-dom/cjs/react-dom-client.development.js:14514:11)
    at recursivelyTraversePassiveMountEffects (webpack-internal:///(app-pages-browser)/../../node_modules/.pnpm/next@15.5.12_react-dom@19.2.4_react@19.2.4__react@19.2.4/node_modules/next/dist/compiled/react-dom/cjs/react-dom-client.development.js:14360:11)
    at commitPassiveMountOnFiber (webpack-internal:///(app-pages-browser)/../../node_modules/.pnpm/next@15.5.12_react-dom@19.2.4_react@19.2.4__react@19.2.4/node_modules/next/dist/compiled/react-dom/cjs/react-dom-client.development.js:14514:11)
    at recursivelyTraversePassiveMountEffects (webpack-internal:///(app-pages-browser)/../../node_modules/.pnpm/next@15.5.12_react-dom@19.2.4_react@19.2.4__react@19.2.4/node_modules/next/dist/compiled/react-dom/cjs/react-dom-client.development.js:14360:11)
    at commitPassiveMountOnFiber (webpack-internal:///(app-pages-browser)/../../node_modules/.pnpm/next@15.5.12_react-dom@19.2.4_react@19.2.4__react@19.2.4/node_modules/next/dist/compiled/react-dom/cjs/react-dom-client.development.js:14380:11)
    at recursivelyTraversePassiveMountEffects (webpack-internal:///(app-pages-browser)/../../node_modules/.pnpm/next@15.5.12_react-dom@19.2.4_react@19.2.4__react@19.2.4/node_modules/next/dist/compiled/react-dom/cjs/react-dom-client.development.js:14360:11)
    at commitPassiveMountOnFiber (webpack-internal:///(app-pages-browser)/../../node_modules/.pnpm/next@15.5.12_react-dom@19.2.4_react@19.2.4__react@19.2.4/node_modules/next/dist/compiled/react-dom/cjs/react-dom-client.development.js:14380:11)
    at recursivelyTraversePassiveMountEffects (webpack-internal:///(app-pages-browser)/../../node_modules/.pnpm/next@15.5.12_react-dom@19.2.4_react@19.2.4__react@19.2.4/node_modules/next/dist/compiled/react-dom/cjs/react-dom-client.development.js:14360:11)
    at commitPassiveMountOnFiber (webpack-internal:///(app-pages-browser)/../../node_modules/.pnpm/next@15.5.12_react-dom@19.2.4_react@19.2.4__react@19.2.4/node_modules/next/dist/compiled/react-dom/cjs/react-dom-client.development.js:14514:11)
    at recursivelyTraversePassiveMountEffects (webpack-internal:///(app-pages-browser)/../../node_modules/.pnpm/next@15.5.12_react-dom@19.2.4_react@19.2.4__react@19.2.4/node_modules/next/dist/compiled/react-dom/cjs/react-dom-client.development.js:14360:11)
    at commitPassiveMountOnFiber (webpack-internal:///(app-pages-browser)/../../node_modules/.pnpm/next@15.5.12_react-dom@19.2.4_react@19.2.4__react@19.2.4/node_modules/next/dist/compiled/react-dom/cjs/react-dom-client.development.js:14514:11)
    at recursivelyTraversePassiveMountEffects (webpack-internal:///(app-pages-browser)/../../node_modules/.pnpm/next@15.5.12_react-dom@19.2.4_react@19.2.4__react@19.2.4/node_modules/next/dist/compiled/react-dom/cjs/react-dom-client.development.js:14360:11)
    at commitPassiveMountOnFiber (webpack-internal:///(app-pages-browser)/../../node_modules/.pnpm/next@15.5.12_react-dom@19.2.4_react@19.2.4__react@19.2.4/node_modules/next/dist/compiled/react-dom/cjs/react-dom-client.development.js:14380:11)
    at recursivelyTraversePassiveMountEffects (webpack-internal:///(app-pages-browser)/../../node_modules/.pnpm/next@15.5.12_react-dom@19.2.4_react@19.2.4__react@19.2.4/node_modules/next/dist/compiled/react-dom/cjs/react-dom-client.development.js:14360:11)
    at commitPassiveMountOnFiber (webpack-internal:///(app-pages-browser)/../../node_modules/.pnpm/next@15.5.12_react-dom@19.2.4_react@19.2.4__react@19.2.4/node_modules/next/dist/compiled/react-dom/cjs/react-dom-client.development.js:14390:11)
    at recursivelyTraversePassiveMountEffects (webpack-internal:///(app-pages-browser)/../../node_modules/.pnpm/next@15.5.12_react-dom@19.2.4_react@19.2.4__react@19.2.4/node_modules/next/dist/compiled/react-dom/cjs/react-dom-client.development.js:14360:11)
    at commitPassiveMountOnFiber (webpack-internal:///(app-pages-browser)/../../node_modules/.pnpm/next@15.5.12_react-dom@19.2.4_react@19.2.4__react@19.2.4/node_modules/next/dist/compiled/react-dom/cjs/react-dom-client.development.js:14380:11)
[31782150ms] [WARNING] [Fast Refresh] performing full reload because your application had an unrecoverable error @ webpack-internal:///(app-pages-browser)/../../node_modules/.pnpm/next@15.5.12_react-dom@19.2.4_react@19.2.4__react@19.2.4/node_modules/next/dist/client/dev/hot-reloader/app/hot-reloader-app.js:113
[31784651ms] TypeError: fetchMarketplaces is not a function
    at SkillsPage.useEffect (webpack-internal:///(app-pages-browser)/./src/app/skills/page.tsx:48:13)
    at Object.react_stack_bottom_frame (webpack-internal:///(app-pages-browser)/../../node_modules/.pnpm/next@15.5.12_react-dom@19.2.4_react@19.2.4__react@19.2.4/node_modules/next/dist/compiled/react-dom/cjs/react-dom-client.development.js:23669:20)
    at runWithFiberInDEV (webpack-internal:///(app-pages-browser)/../../node_modules/.pnpm/next@15.5.12_react-dom@19.2.4_react@19.2.4__react@19.2.4/node_modules/next/dist/compiled/react-dom/cjs/react-dom-client.development.js:872:30)
    at commitHookEffectListMount (webpack-internal:///(app-pages-browser)/../../node_modules/.pnpm/next@15.5.12_react-dom@19.2.4_react@19.2.4__react@19.2.4/node_modules/next/dist/compiled/react-dom/cjs/react-dom-client.development.js:12345:29)
    at commitHookPassiveMountEffects (webpack-internal:///(app-pages-browser)/../../node_modules/.pnpm/next@15.5.12_react-dom@19.2.4_react@19.2.4__react@19.2.4/node_modules/next/dist/compiled/react-dom/cjs/react-dom-client.development.js:12466:11)
    at commitPassiveMountOnFiber (webpack-internal:///(app-pages-browser)/../../node_modules/.pnpm/next@15.5.12_react-dom@19.2.4_react@19.2.4__react@19.2.4/node_modules/next/dist/compiled/react-dom/cjs/react-dom-client.development.js:14387:13)
    at recursivelyTraversePassiveMountEffects (webpack-internal:///(app-pages-browser)/../../node_modules/.pnpm/next@15.5.12_react-dom@19.2.4_react@19.2.4__react@19.2.4/node_modules/next/dist/compiled/react-dom/cjs/react-dom-client.development.js:14360:11)
    at commitPassiveMountOnFiber (webpack-internal:///(app-pages-browser)/../../node_modules/.pnpm/next@15.5.12_react-dom@19.2.4_react@19.2.4__react@19.2.4/node_modules/next/dist/compiled/react-dom/cjs/react-dom-client.development.js:14380:11)
    at recursivelyTraversePassiveMountEffects (webpack-internal:///(app-pages-browser)/../../node_modules/.pnpm/next@15.5.12_react-dom@19.2.4_react@19.2.4__react@19.2.4/node_modules/next/dist/compiled/react-dom/cjs/react-dom-client.development.js:14360:11)
    at commitPassiveMountOnFiber (webpack-internal:///(app-pages-browser)/../../node_modules/.pnpm/next@15.5.12_react-dom@19.2.4_react@19.2.4__react@19.2.4/node_modules/next/dist/compiled/react-dom/cjs/react-dom-client.development.js:14380:11)
    at recursivelyTraversePassiveMountEffects (webpack-internal:///(app-pages-browser)/../../node_modules/.pnpm/next@15.5.12_react-dom@19.2.4_react@19.2.4__react@19.2.4/node_modules/next/dist/compiled/react-dom/cjs/react-dom-client.development.js:14360:11)
    at commitPassiveMountOnFiber (webpack-internal:///(app-pages-browser)/../../node_modules/.pnpm/next@15.5.12_react-dom@19.2.4_react@19.2.4__react@19.2.4/node_modules/next/dist/compiled/react-dom/cjs/react-dom-client.development.js:14514:11)
    at recursivelyTraversePassiveMountEffects (webpack-internal:///(app-pages-browser)/../../node_modules/.pnpm/next@15.5.12_react-dom@19.2.4_react@19.2.4__react@19.2.4/node_modules/next/dist/compiled/react-dom/cjs/react-dom-client.development.js:14360:11)
    at commitPassiveMountOnFiber (webpack-internal:///(app-pages-browser)/../../node_modules/.pnpm/next@15.5.12_react-dom@19.2.4_react@19.2.4__react@19.2.4/node_modules/next/dist/compiled/react-dom/cjs/react-dom-client.development.js:14514:11)
    at recursivelyTraversePassiveMountEffects (webpack-internal:///(app-pages-browser)/../../node_modules/.pnpm/next@15.5.12_react-dom@19.2.4_react@19.2.4__react@19.2.4/node_modules/next/dist/compiled/react-dom/cjs/react-dom-client.development.js:14360:11)
    at commitPassiveMountOnFiber (webpack-internal:///(app-pages-browser)/../../node_modules/.pnpm/next@15.5.12_react-dom@19.2.4_react@19.2.4__react@19.2.4/node_modules/next/dist/compiled/react-dom/cjs/react-dom-client.development.js:14380:11)
    at recursivelyTraversePassiveMountEffects (webpack-internal:///(app-pages-browser)/../../node_modules/.pnpm/next@15.5.12_react-dom@19.2.4_react@19.2.4__react@19.2.4/node_modules/next/dist/compiled/react-dom/cjs/react-dom-client.development.js:14360:11)
    at commitPassiveMountOnFiber (webpack-internal:///(app-pages-browser)/../../node_modules/.pnpm/next@15.5.12_react-dom@19.2.4_react@19.2.4__react@19.2.4/node_modules/next/dist/compiled/react-dom/cjs/react-dom-client.development.js:14390:11)
    at recursivelyTraversePassiveMountEffects (webpack-internal:///(app-pages-browser)/../../node_modules/.pnpm/next@15.5.12_react-dom@19.2.4_react@19.2.4__react@19.2.4/node_modules/next/dist/compiled/react-dom/cjs/react-dom-client.development.js:14360:11)
    at commitPassiveMountOnFiber (webpack-internal:///(app-pages-browser)/../../node_modules/.pnpm/next@15.5.12_react-dom@19.2.4_react@19.2.4__react@19.2.4/node_modules/next/dist/compiled/react-dom/cjs/react-dom-client.development.js:14380:11)
    at recursivelyTraversePassiveMountEffects (webpack-internal:///(app-pages-browser)/../../node_modules/.pnpm/next@15.5.12_react-dom@19.2.4_react@19.2.4__react@19.2.4/node_modules/next/dist/compiled/react-dom/cjs/react-dom-client.development.js:14360:11)
    at commitPassiveMountOnFiber (webpack-internal:///(app-pages-browser)/../../node_modules/.pnpm/next@15.5.12_react-dom@19.2.4_react@19.2.4__react@19.2.4/node_modules/next/dist/compiled/react-dom/cjs/react-dom-client.development.js:14380:11)
    at recursivelyTraversePassiveMountEffects (webpack-internal:///(app-pages-browser)/../../node_modules/.pnpm/next@15.5.12_react-dom@19.2.4_react@19.2.4__react@19.2.4/node_modules/next/dist/compiled/react-dom/cjs/react-dom-client.development.js:14360:11)
    at commitPassiveMountOnFiber (webpack-internal:///(app-pages-browser)/../../node_modules/.pnpm/next@15.5.12_react-dom@19.2.4_react@19.2.4__react@19.2.4/node_modules/next/dist/compiled/react-dom/cjs/react-dom-client.development.js:14380:11)
    at recursivelyTraversePassiveMountEffects (webpack-internal:///(app-pages-browser)/../../node_modules/.pnpm/next@15.5.12_react-dom@19.2.4_react@19.2.4__react@19.2.4/node_modules/next/dist/compiled/react-dom/cjs/react-dom-client.development.js:14360:11)
    at commitPassiveMountOnFiber (webpack-internal:///(app-pages-browser)/../../node_modules/.pnpm/next@15.5.12_react-dom@19.2.4_react@19.2.4__react@19.2.4/node_modules/next/dist/compiled/react-dom/cjs/react-dom-client.development.js:14380:11)
    at recursivelyTraversePassiveMountEffects (webpack-internal:///(app-pages-browser)/../../node_modules/.pnpm/next@15.5.12_react-dom@19.2.4_react@19.2.4__react@19.2.4/node_modules/next/dist/compiled/react-dom/cjs/react-dom-client.development.js:14360:11)
    at commitPassiveMountOnFiber (webpack-internal:///(app-pages-browser)/../../node_modules/.pnpm/next@15.5.12_react-dom@19.2.4_react@19.2.4__react@19.2.4/node_modules/next/dist/compiled/react-dom/cjs/react-dom-client.development.js:14390:11)
    at recursivelyTraversePassiveMountEffects (webpack-internal:///(app-pages-browser)/../../node_modules/.pnpm/next@15.5.12_react-dom@19.2.4_react@19.2.4__react@19.2.4/node_modules/next/dist/compiled/react-dom/cjs/react-dom-client.development.js:14360:11)
    at commitPassiveMountOnFiber (webpack-internal:///(app-pages-browser)/../../node_modules/.pnpm/next@15.5.12_react-dom@19.2.4_react@19.2.4__react@19.2.4/node_modules/next/dist/compiled/react-dom/cjs/react-dom-client.development.js:14380:11)
    at recursivelyTraversePassiveMountEffects (webpack-internal:///(app-pages-browser)/../../node_modules/.pnpm/next@15.5.12_react-dom@19.2.4_react@19.2.4__react@19.2.4/node_modules/next/dist/compiled/react-dom/cjs/react-dom-client.development.js:14360:11)
    at commitPassiveMountOnFiber (webpack-internal:///(app-pages-browser)/../../node_modules/.pnpm/next@15.5.12_react-dom@19.2.4_react@19.2.4__react@19.2.4/node_modules/next/dist/compiled/react-dom/cjs/react-dom-client.development.js:14380:11)
    at recursivelyTraversePassiveMountEffects (webpack-internal:///(app-pages-browser)/../../node_modules/.pnpm/next@15.5.12_react-dom@19.2.4_react@19.2.4__react@19.2.4/node_modules/next/dist/compiled/react-dom/cjs/react-dom-client.development.js:14360:11)
    at commitPassiveMountOnFiber (webpack-internal:///(app-pages-browser)/../../node_modules/.pnpm/next@15.5.12_react-dom@19.2.4_react@19.2.4__react@19.2.4/node_modules/next/dist/compiled/react-dom/cjs/react-dom-client.development.js:14514:11)
    at recursivelyTraversePassiveMountEffects (webpack-internal:///(app-pages-browser)/../../node_modules/.pnpm/next@15.5.12_react-dom@19.2.4_react@19.2.4__react@19.2.4/node_modules/next/dist/compiled/react-dom/cjs/react-dom-client.development.js:14360:11)
    at commitPassiveMountOnFiber (webpack-internal:///(app-pages-browser)/../../node_modules/.pnpm/next@15.5.12_react-dom@19.2.4_react@19.2.4__react@19.2.4/node_modules/next/dist/compiled/react-dom/cjs/react-dom-client.development.js:14514:11)
    at recursivelyTraversePassiveMountEffects (webpack-internal:///(app-pages-browser)/../../node_modules/.pnpm/next@15.5.12_react-dom@19.2.4_react@19.2.4__react@19.2.4/node_modules/next/dist/compiled/react-dom/cjs/react-dom-client.development.js:14360:11)
    at commitPassiveMountOnFiber (webpack-internal:///(app-pages-browser)/../../node_modules/.pnpm/next@15.5.12_react-dom@19.2.4_react@19.2.4__react@19.2.4/node_modules/next/dist/compiled/react-dom/cjs/react-dom-client.development.js:14380:11)
    at recursivelyTraversePassiveMountEffects (webpack-internal:///(app-pages-browser)/../../node_modules/.pnpm/next@15.5.12_react-dom@19.2.4_react@19.2.4__react@19.2.4/node_modules/next/dist/compiled/react-dom/cjs/react-dom-client.development.js:14360:11)
    at commitPassiveMountOnFiber (webpack-internal:///(app-pages-browser)/../../node_modules/.pnpm/next@15.5.12_react-dom@19.2.4_react@19.2.4__react@19.2.4/node_modules/next/dist/compiled/react-dom/cjs/react-dom-client.development.js:14380:11)
    at recursivelyTraversePassiveMountEffects (webpack-internal:///(app-pages-browser)/../../node_modules/.pnpm/next@15.5.12_react-dom@19.2.4_react@19.2.4__react@19.2.4/node_modules/next/dist/compiled/react-dom/cjs/react-dom-client.development.js:14360:11)
    at commitPassiveMountOnFiber (webpack-internal:///(app-pages-browser)/../../node_modules/.pnpm/next@15.5.12_react-dom@19.2.4_react@19.2.4__react@19.2.4/node_modules/next/dist/compiled/react-dom/cjs/react-dom-client.development.js:14514:11)
    at recursivelyTraversePassiveMountEffects (webpack-internal:///(app-pages-browser)/../../node_modules/.pnpm/next@15.5.12_react-dom@19.2.4_react@19.2.4__react@19.2.4/node_modules/next/dist/compiled/react-dom/cjs/react-dom-client.development.js:14360:11)
    at commitPassiveMountOnFiber (webpack-internal:///(app-pages-browser)/../../node_modules/.pnpm/next@15.5.12_react-dom@19.2.4_react@19.2.4__react@19.2.4/node_modules/next/dist/compiled/react-dom/cjs/react-dom-client.development.js:14514:11)
    at recursivelyTraversePassiveMountEffects (webpack-internal:///(app-pages-browser)/../../node_modules/.pnpm/next@15.5.12_react-dom@19.2.4_react@19.2.4__react@19.2.4/node_modules/next/dist/compiled/react-dom/cjs/react-dom-client.development.js:14360:11)
    at commitPassiveMountOnFiber (webpack-internal:///(app-pages-browser)/../../node_modules/.pnpm/next@15.5.12_react-dom@19.2.4_react@19.2.4__react@19.2.4/node_modules/next/dist/compiled/react-dom/cjs/react-dom-client.development.js:14380:11)
    at recursivelyTraversePassiveMountEffects (webpack-internal:///(app-pages-browser)/../../node_modules/.pnpm/next@15.5.12_react-dom@19.2.4_react@19.2.4__react@19.2.4/node_modules/next/dist/compiled/react-dom/cjs/react-dom-client.development.js:14360:11)
    at commitPassiveMountOnFiber (webpack-internal:///(app-pages-browser)/../../node_modules/.pnpm/next@15.5.12_react-dom@19.2.4_react@19.2.4__react@19.2.4/node_modules/next/dist/compiled/react-dom/cjs/react-dom-client.development.js:14390:11)
    at recursivelyTraversePassiveMountEffects (webpack-internal:///(app-pages-browser)/../../node_modules/.pnpm/next@15.5.12_react-dom@19.2.4_react@19.2.4__react@19.2.4/node_modules/next/dist/compiled/react-dom/cjs/react-dom-client.development.js:14360:11)
    at commitPassiveMountOnFiber (webpack-internal:///(app-pages-browser)/../../node_modules/.pnpm/next@15.5.12_react-dom@19.2.4_react@19.2.4__react@19.2.4/node_modules/next/dist/compiled/react-dom/cjs/react-dom-client.development.js:14380:11)
[31784644ms] [WARNING] WebSocket connection to 'ws://localhost:2078/ws' failed: WebSocket is closed before the connection is established. @ webpack-internal:///(app-pages-browser)/./src/lib/ws-client.ts:42
[31784648ms] [WARNING] [WS] Connection error, will reconnect... @ webpack-internal:///(app-pages-browser)/./src/lib/ws-client.ts:34
[31787104ms] [WARNING] [Fast Refresh] performing full reload because your application had an unrecoverable error @ webpack-internal:///(app-pages-browser)/../../node_modules/.pnpm/next@15.5.12_react-dom@19.2.4_react@19.2.4__react@19.2.4/node_modules/next/dist/client/dev/hot-reloader/app/hot-reloader-app.js:113
[31788114ms] TypeError: fetchMarketplaces is not a function
    at SkillsPage.useEffect (webpack-internal:///(app-pages-browser)/./src/app/skills/page.tsx:48:13)
    at Object.react_stack_bottom_frame (webpack-internal:///(app-pages-browser)/../../node_modules/.pnpm/next@15.5.12_react-dom@19.2.4_react@19.2.4__react@19.2.4/node_modules/next/dist/compiled/react-dom/cjs/react-dom-client.development.js:23669:20)
    at runWithFiberInDEV (webpack-internal:///(app-pages-browser)/../../node_modules/.pnpm/next@15.5.12_react-dom@19.2.4_react@19.2.4__react@19.2.4/node_modules/next/dist/compiled/react-dom/cjs/react-dom-client.development.js:872:30)
    at commitHookEffectListMount (webpack-internal:///(app-pages-browser)/../../node_modules/.pnpm/next@15.5.12_react-dom@19.2.4_react@19.2.4__react@19.2.4/node_modules/next/dist/compiled/react-dom/cjs/react-dom-client.development.js:12345:29)
    at commitHookPassiveMountEffects (webpack-internal:///(app-pages-browser)/../../node_modules/.pnpm/next@15.5.12_react-dom@19.2.4_react@19.2.4__react@19.2.4/node_modules/next/dist/compiled/react-dom/cjs/react-dom-client.development.js:12466:11)
    at commitPassiveMountOnFiber (webpack-internal:///(app-pages-browser)/../../node_modules/.pnpm/next@15.5.12_react-dom@19.2.4_react@19.2.4__react@19.2.4/node_modules/next/dist/compiled/react-dom/cjs/react-dom-client.development.js:14387:13)
    at recursivelyTraversePassiveMountEffects (webpack-internal:///(app-pages-browser)/../../node_modules/.pnpm/next@15.5.12_react-dom@19.2.4_react@19.2.4__react@19.2.4/node_modules/next/dist/compiled/react-dom/cjs/react-dom-client.development.js:14360:11)
    at commitPassiveMountOnFiber (webpack-internal:///(app-pages-browser)/../../node_modules/.pnpm/next@15.5.12_react-dom@19.2.4_react@19.2.4__react@19.2.4/node_modules/next/dist/compiled/react-dom/cjs/react-dom-client.development.js:14380:11)
    at recursivelyTraversePassiveMountEffects (webpack-internal:///(app-pages-browser)/../../node_modules/.pnpm/next@15.5.12_react-dom@19.2.4_react@19.2.4__react@19.2.4/node_modules/next/dist/compiled/react-dom/cjs/react-dom-client.development.js:14360:11)
    at commitPassiveMountOnFiber (webpack-internal:///(app-pages-browser)/../../node_modules/.pnpm/next@15.5.12_react-dom@19.2.4_react@19.2.4__react@19.2.4/node_modules/next/dist/compiled/react-dom/cjs/react-dom-client.development.js:14380:11)
    at recursivelyTraversePassiveMountEffects (webpack-internal:///(app-pages-browser)/../../node_modules/.pnpm/next@15.5.12_react-dom@19.2.4_react@19.2.4__react@19.2.4/node_modules/next/dist/compiled/react-dom/cjs/react-dom-client.development.js:14360:11)
    at commitPassiveMountOnFiber (webpack-internal:///(app-pages-browser)/../../node_modules/.pnpm/next@15.5.12_react-dom@19.2.4_react@19.2.4__react@19.2.4/node_modules/next/dist/compiled/react-dom/cjs/react-dom-client.development.js:14514:11)
    at recursivelyTraversePassiveMountEffects (webpack-internal:///(app-pages-browser)/../../node_modules/.pnpm/next@15.5.12_react-dom@19.2.4_react@19.2.4__react@19.2.4/node_modules/next/dist/compiled/react-dom/cjs/react-dom-client.development.js:14360:11)
    at commitPassiveMountOnFiber (webpack-internal:///(app-pages-browser)/../../node_modules/.pnpm/next@15.5.12_react-dom@19.2.4_react@19.2.4__react@19.2.4/node_modules/next/dist/compiled/react-dom/cjs/react-dom-client.development.js:14514:11)
    at recursivelyTraversePassiveMountEffects (webpack-internal:///(app-pages-browser)/../../node_modules/.pnpm/next@15.5.12_react-dom@19.2.4_react@19.2.4__react@19.2.4/node_modules/next/dist/compiled/react-dom/cjs/react-dom-client.development.js:14360:11)
    at commitPassiveMountOnFiber (webpack-internal:///(app-pages-browser)/../../node_modules/.pnpm/next@15.5.12_react-dom@19.2.4_react@19.2.4__react@19.2.4/node_modules/next/dist/compiled/react-dom/cjs/react-dom-client.development.js:14380:11)
    at recursivelyTraversePassiveMountEffects (webpack-internal:///(app-pages-browser)/../../node_modules/.pnpm/next@15.5.12_react-dom@19.2.4_react@19.2.4__react@19.2.4/node_modules/next/dist/compiled/react-dom/cjs/react-dom-client.development.js:14360:11)
    at commitPassiveMountOnFiber (webpack-internal:///(app-pages-browser)/../../node_modules/.pnpm/next@15.5.12_react-dom@19.2.4_react@19.2.4__react@19.2.4/node_modules/next/dist/compiled/react-dom/cjs/react-dom-client.development.js:14390:11)
    at recursivelyTraversePassiveMountEffects (webpack-internal:///(app-pages-browser)/../../node_modules/.pnpm/next@15.5.12_react-dom@19.2.4_react@19.2.4__react@19.2.4/node_modules/next/dist/compiled/react-dom/cjs/react-dom-client.development.js:14360:11)
    at commitPassiveMountOnFiber (webpack-internal:///(app-pages-browser)/../../node_modules/.pnpm/next@15.5.12_react-dom@19.2.4_react@19.2.4__react@19.2.4/node_modules/next/dist/compiled/react-dom/cjs/react-dom-client.development.js:14380:11)
    at recursivelyTraversePassiveMountEffects (webpack-internal:///(app-pages-browser)/../../node_modules/.pnpm/next@15.5.12_react-dom@19.2.4_react@19.2.4__react@19.2.4/node_modules/next/dist/compiled/react-dom/cjs/react-dom-client.development.js:14360:11)
    at commitPassiveMountOnFiber (webpack-internal:///(app-pages-browser)/../../node_modules/.pnpm/next@15.5.12_react-dom@19.2.4_react@19.2.4__react@19.2.4/node_modules/next/dist/compiled/react-dom/cjs/react-dom-client.development.js:14380:11)
    at recursivelyTraversePassiveMountEffects (webpack-internal:///(app-pages-browser)/../../node_modules/.pnpm/next@15.5.12_react-dom@19.2.4_react@19.2.4__react@19.2.4/node_modules/next/dist/compiled/react-dom/cjs/react-dom-client.development.js:14360:11)
    at commitPassiveMountOnFiber (webpack-internal:///(app-pages-browser)/../../node_modules/.pnpm/next@15.5.12_react-dom@19.2.4_react@19.2.4__react@19.2.4/node_modules/next/dist/compiled/react-dom/cjs/react-dom-client.development.js:14380:11)
    at recursivelyTraversePassiveMountEffects (webpack-internal:///(app-pages-browser)/../../node_modules/.pnpm/next@15.5.12_react-dom@19.2.4_react@19.2.4__react@19.2.4/node_modules/next/dist/compiled/react-dom/cjs/react-dom-client.development.js:14360:11)
    at commitPassiveMountOnFiber (webpack-internal:///(app-pages-browser)/../../node_modules/.pnpm/next@15.5.12_react-dom@19.2.4_react@19.2.4__react@19.2.4/node_modules/next/dist/compiled/react-dom/cjs/react-dom-client.development.js:14380:11)
    at recursivelyTraversePassiveMountEffects (webpack-internal:///(app-pages-browser)/../../node_modules/.pnpm/next@15.5.12_react-dom@19.2.4_react@19.2.4__react@19.2.4/node_modules/next/dist/compiled/react-dom/cjs/react-dom-client.development.js:14360:11)
    at commitPassiveMountOnFiber (webpack-internal:///(app-pages-browser)/../../node_modules/.pnpm/next@15.5.12_react-dom@19.2.4_react@19.2.4__react@19.2.4/node_modules/next/dist/compiled/react-dom/cjs/react-dom-client.development.js:14390:11)
    at recursivelyTraversePassiveMountEffects (webpack-internal:///(app-pages-browser)/../../node_modules/.pnpm/next@15.5.12_react-dom@19.2.4_react@19.2.4__react@19.2.4/node_modules/next/dist/compiled/react-dom/cjs/react-dom-client.development.js:14360:11)
    at commitPassiveMountOnFiber (webpack-internal:///(app-pages-browser)/../../node_modules/.pnpm/next@15.5.12_react-dom@19.2.4_react@19.2.4__react@19.2.4/node_modules/next/dist/compiled/react-dom/cjs/react-dom-client.development.js:14380:11)
    at recursivelyTraversePassiveMountEffects (webpack-internal:///(app-pages-browser)/../../node_modules/.pnpm/next@15.5.12_react-dom@19.2.4_react@19.2.4__react@19.2.4/node_modules/next/dist/compiled/react-dom/cjs/react-dom-client.development.js:14360:11)
    at commitPassiveMountOnFiber (webpack-internal:///(app-pages-browser)/../../node_modules/.pnpm/next@15.5.12_react-dom@19.2.4_react@19.2.4__react@19.2.4/node_modules/next/dist/compiled/react-dom/cjs/react-dom-client.development.js:14380:11)
    at recursivelyTraversePassiveMountEffects (webpack-internal:///(app-pages-browser)/../../node_modules/.pnpm/next@15.5.12_react-dom@19.2.4_react@19.2.4__react@19.2.4/node_modules/next/dist/compiled/react-dom/cjs/react-dom-client.development.js:14360:11)
    at commitPassiveMountOnFiber (webpack-internal:///(app-pages-browser)/../../node_modules/.pnpm/next@15.5.12_react-dom@19.2.4_react@19.2.4__react@19.2.4/node_modules/next/dist/compiled/react-dom/cjs/react-dom-client.development.js:14514:11)
    at recursivelyTraversePassiveMountEffects (webpack-internal:///(app-pages-browser)/../../node_modules/.pnpm/next@15.5.12_react-dom@19.2.4_react@19.2.4__react@19.2.4/node_modules/next/dist/compiled/react-dom/cjs/react-dom-client.development.js:14360:11)
    at commitPassiveMountOnFiber (webpack-internal:///(app-pages-browser)/../../node_modules/.pnpm/next@15.5.12_react-dom@19.2.4_react@19.2.4__react@19.2.4/node_modules/next/dist/compiled/react-dom/cjs/react-dom-client.development.js:14514:11)
    at recursivelyTraversePassiveMountEffects (webpack-internal:///(app-pages-browser)/../../node_modules/.pnpm/next@15.5.12_react-dom@19.2.4_react@19.2.4__react@19.2.4/node_modules/next/dist/compiled/react-dom/cjs/react-dom-client.development.js:14360:11)
    at commitPassiveMountOnFiber (webpack-internal:///(app-pages-browser)/../../node_modules/.pnpm/next@15.5.12_react-dom@19.2.4_react@19.2.4__react@19.2.4/node_modules/next/dist/compiled/react-dom/cjs/react-dom-client.development.js:14380:11)
    at recursivelyTraversePassiveMountEffects (webpack-internal:///(app-pages-browser)/../../node_modules/.pnpm/next@15.5.12_react-dom@19.2.4_react@19.2.4__react@19.2.4/node_modules/next/dist/compiled/react-dom/cjs/react-dom-client.development.js:14360:11)
    at commitPassiveMountOnFiber (webpack-internal:///(app-pages-browser)/../../node_modules/.pnpm/next@15.5.12_react-dom@19.2.4_react@19.2.4__react@19.2.4/node_modules/next/dist/compiled/react-dom/cjs/react-dom-client.development.js:14380:11)
    at recursivelyTraversePassiveMountEffects (webpack-internal:///(app-pages-browser)/../../node_modules/.pnpm/next@15.5.12_react-dom@19.2.4_react@19.2.4__react@19.2.4/node_modules/next/dist/compiled/react-dom/cjs/react-dom-client.development.js:14360:11)
    at commitPassiveMountOnFiber (webpack-internal:///(app-pages-browser)/../../node_modules/.pnpm/next@15.5.12_react-dom@19.2.4_react@19.2.4__react@19.2.4/node_modules/next/dist/compiled/react-dom/cjs/react-dom-client.development.js:14514:11)
    at recursivelyTraversePassiveMountEffects (webpack-internal:///(app-pages-browser)/../../node_modules/.pnpm/next@15.5.12_react-dom@19.2.4_react@19.2.4__react@19.2.4/node_modules/next/dist/compiled/react-dom/cjs/react-dom-client.development.js:14360:11)
    at commitPassiveMountOnFiber (webpack-internal:///(app-pages-browser)/../../node_modules/.pnpm/next@15.5.12_react-dom@19.2.4_react@19.2.4__react@19.2.4/node_modules/next/dist/compiled/react-dom/cjs/react-dom-client.development.js:14514:11)
    at recursivelyTraversePassiveMountEffects (webpack-internal:///(app-pages-browser)/../../node_modules/.pnpm/next@15.5.12_react-dom@19.2.4_react@19.2.4__react@19.2.4/node_modules/next/dist/compiled/react-dom/cjs/react-dom-client.development.js:14360:11)
    at commitPassiveMountOnFiber (webpack-internal:///(app-pages-browser)/../../node_modules/.pnpm/next@15.5.12_react-dom@19.2.4_react@19.2.4__react@19.2.4/node_modules/next/dist/compiled/react-dom/cjs/react-dom-client.development.js:14380:11)
    at recursivelyTraversePassiveMountEffects (webpack-internal:///(app-pages-browser)/../../node_modules/.pnpm/next@15.5.12_react-dom@19.2.4_react@19.2.4__react@19.2.4/node_modules/next/dist/compiled/react-dom/cjs/react-dom-client.development.js:14360:11)
    at commitPassiveMountOnFiber (webpack-internal:///(app-pages-browser)/../../node_modules/.pnpm/next@15.5.12_react-dom@19.2.4_react@19.2.4__react@19.2.4/node_modules/next/dist/compiled/react-dom/cjs/react-dom-client.development.js:14390:11)
    at recursivelyTraversePassiveMountEffects (webpack-internal:///(app-pages-browser)/../../node_modules/.pnpm/next@15.5.12_react-dom@19.2.4_react@19.2.4__react@19.2.4/node_modules/next/dist/compiled/react-dom/cjs/react-dom-client.development.js:14360:11)
    at commitPassiveMountOnFiber (webpack-internal:///(app-pages-browser)/../../node_modules/.pnpm/next@15.5.12_react-dom@19.2.4_react@19.2.4__react@19.2.4/node_modules/next/dist/compiled/react-dom/cjs/react-dom-client.development.js:14380:11)
[31788086ms] [WARNING] WebSocket connection to 'ws://localhost:2078/ws' failed: WebSocket is closed before the connection is established. @ webpack-internal:///(app-pages-browser)/./src/lib/ws-client.ts:42
[31788089ms] [WARNING] [WS] Connection error, will reconnect... @ webpack-internal:///(app-pages-browser)/./src/lib/ws-client.ts:34
[31844111ms] [WARNING] [Fast Refresh] performing full reload because your application had an unrecoverable error @ webpack-internal:///(app-pages-browser)/../../node_modules/.pnpm/next@15.5.12_react-dom@19.2.4_react@19.2.4__react@19.2.4/node_modules/next/dist/client/dev/hot-reloader/app/hot-reloader-app.js:113
[61845010ms] [ERROR] Failed to load resource: net::ERR_CONNECTION_REFUSED @ http://localhost:2078/api/dashboard/stats:0
[61846189ms] [ERROR] WebSocket connection to 'ws://localhost:2078/ws' failed: Error in connection establishment: net::ERR_CONNECTION_REFUSED @ webpack-internal:///(app-pages-browser)/./src/lib/ws-client.ts:11
[61846189ms] [WARNING] [WS] Connection error, will reconnect... @ webpack-internal:///(app-pages-browser)/./src/lib/ws-client.ts:34
[61854868ms] [ERROR] WebSocket connection to 'ws://localhost:2078/ws' failed: Error in connection establishment: net::ERR_CONNECTION_REFUSED @ webpack-internal:///(app-pages-browser)/./src/lib/ws-client.ts:11
[61854868ms] [WARNING] [WS] Connection error, will reconnect... @ webpack-internal:///(app-pages-browser)/./src/lib/ws-client.ts:34
[61857872ms] [ERROR] WebSocket connection to 'ws://localhost:2078/ws' failed: Error in connection establishment: net::ERR_CONNECTION_REFUSED @ webpack-internal:///(app-pages-browser)/./src/lib/ws-client.ts:11
[61857872ms] [WARNING] [WS] Connection error, will reconnect... @ webpack-internal:///(app-pages-browser)/./src/lib/ws-client.ts:34
[61859998ms] [ERROR] Failed to load resource: net::ERR_CONNECTION_REFUSED @ http://localhost:2078/api/dashboard/stats:0
[61860874ms] [ERROR] WebSocket connection to 'ws://localhost:2078/ws' failed: Error in connection establishment: net::ERR_CONNECTION_REFUSED @ webpack-internal:///(app-pages-browser)/./src/lib/ws-client.ts:11
[61860874ms] [WARNING] [WS] Connection error, will reconnect... @ webpack-internal:///(app-pages-browser)/./src/lib/ws-client.ts:34
[61935001ms] [ERROR] Failed to load resource: net::ERR_CONNECTION_REFUSED @ http://localhost:2078/api/dashboard/stats:0
[63119960ms] [ERROR] Failed to load resource: net::ERR_CONNECTION_REFUSED @ http://localhost:2078/api/dashboard/stats:0
[63840173ms] ReferenceError: useConnectionStatus is not defined
    at UpdateBanner (webpack-internal:///(app-pages-browser)/./src/components/layout/update-banner.tsx:18:23)
    at Object.react_stack_bottom_frame (webpack-internal:///(app-pages-browser)/../../node_modules/.pnpm/next@15.5.12_react-dom@19.2.4_react@19.2.4__react@19.2.4/node_modules/next/dist/compiled/react-dom/cjs/react-dom-client.development.js:23584:20)
    at renderWithHooks (webpack-internal:///(app-pages-browser)/../../node_modules/.pnpm/next@15.5.12_react-dom@19.2.4_react@19.2.4__react@19.2.4/node_modules/next/dist/compiled/react-dom/cjs/react-dom-client.development.js:6793:22)
    at updateFunctionComponent (webpack-internal:///(app-pages-browser)/../../node_modules/.pnpm/next@15.5.12_react-dom@19.2.4_react@19.2.4__react@19.2.4/node_modules/next/dist/compiled/react-dom/cjs/react-dom-client.development.js:9247:19)
    at beginWork (webpack-internal:///(app-pages-browser)/../../node_modules/.pnpm/next@15.5.12_react-dom@19.2.4_react@19.2.4__react@19.2.4/node_modules/next/dist/compiled/react-dom/cjs/react-dom-client.development.js:10858:18)
    at runWithFiberInDEV (webpack-internal:///(app-pages-browser)/../../node_modules/.pnpm/next@15.5.12_react-dom@19.2.4_react@19.2.4__react@19.2.4/node_modules/next/dist/compiled/react-dom/cjs/react-dom-client.development.js:872:30)
    at performUnitOfWork (webpack-internal:///(app-pages-browser)/../../node_modules/.pnpm/next@15.5.12_react-dom@19.2.4_react@19.2.4__react@19.2.4/node_modules/next/dist/compiled/react-dom/cjs/react-dom-client.development.js:15727:22)
    at workLoopSync (webpack-internal:///(app-pages-browser)/../../node_modules/.pnpm/next@15.5.12_react-dom@19.2.4_react@19.2.4__react@19.2.4/node_modules/next/dist/compiled/react-dom/cjs/react-dom-client.development.js:15547:41)
    at renderRootSync (webpack-internal:///(app-pages-browser)/../../node_modules/.pnpm/next@15.5.12_react-dom@19.2.4_react@19.2.4__react@19.2.4/node_modules/next/dist/compiled/react-dom/cjs/react-dom-client.development.js:15527:11)
    at performWorkOnRoot (webpack-internal:///(app-pages-browser)/../../node_modules/.pnpm/next@15.5.12_react-dom@19.2.4_react@19.2.4__react@19.2.4/node_modules/next/dist/compiled/react-dom/cjs/react-dom-client.development.js:14991:13)
    at performSyncWorkOnRoot (webpack-internal:///(app-pages-browser)/../../node_modules/.pnpm/next@15.5.12_react-dom@19.2.4_react@19.2.4__react@19.2.4/node_modules/next/dist/compiled/react-dom/cjs/react-dom-client.development.js:16831:7)
    at flushSyncWorkAcrossRoots_impl (webpack-internal:///(app-pages-browser)/../../node_modules/.pnpm/next@15.5.12_react-dom@19.2.4_react@19.2.4__react@19.2.4/node_modules/next/dist/compiled/react-dom/cjs/react-dom-client.development.js:16677:21)
    at flushSyncWork$1 (webpack-internal:///(app-pages-browser)/../../node_modules/.pnpm/next@15.5.12_react-dom@19.2.4_react@19.2.4__react@19.2.4/node_modules/next/dist/compiled/react-dom/cjs/react-dom-client.development.js:15297:12)
    at Object.scheduleRefresh (webpack-internal:///(app-pages-browser)/../../node_modules/.pnpm/next@15.5.12_react-dom@19.2.4_react@19.2.4__react@19.2.4/node_modules/next/dist/compiled/react-dom/cjs/react-dom-client.development.js:114:9)
    at eval (webpack-internal:///(app-pages-browser)/../../node_modules/.pnpm/next@15.5.12_react-dom@19.2.4_react@19.2.4__react@19.2.4/node_modules/next/dist/compiled/react-refresh/cjs/react-refresh-runtime.development.js:265:17)
    at Set.forEach (<anonymous>)
    at Object.performReactRefresh (webpack-internal:///(app-pages-browser)/../../node_modules/.pnpm/next@15.5.12_react-dom@19.2.4_react@19.2.4__react@19.2.4/node_modules/next/dist/compiled/react-refresh/cjs/react-refresh-runtime.development.js:254:26)
    at applyUpdate (webpack-internal:///(app-pages-browser)/../../node_modules/.pnpm/next@15.5.12_react-dom@19.2.4_react@19.2.4__react@19.2.4/node_modules/next/dist/compiled/@next/react-refresh-utils/dist/internal/helpers.js:139:31)
    at statusHandler (webpack-internal:///(app-pages-browser)/../../node_modules/.pnpm/next@15.5.12_react-dom@19.2.4_react@19.2.4__react@19.2.4/node_modules/next/dist/compiled/@next/react-refresh-utils/dist/internal/helpers.js:156:13)
    at setStatus (http://localhost:2077/_next/static/chunks/webpack.js?v=1771173444604:498:55)
    at http://localhost:2077/_next/static/chunks/webpack.js?v=1771173444604:667:21
[63840116ms] [WARNING] [Fast Refresh] performing full reload because your application had an unrecoverable error @ webpack-internal:///(app-pages-browser)/../../node_modules/.pnpm/next@15.5.12_react-dom@19.2.4_react@19.2.4__react@19.2.4/node_modules/next/dist/client/dev/hot-reloader/app/hot-reloader-app.js:113
[63840789ms] [ERROR] Failed to load resource: the server responded with a status of 500 (Internal Server Error) @ http://localhost:2077/skills:0
[63842865ms] ReferenceError: useConnectionStatus is not defined
    at UpdateBanner (webpack-internal:///(app-pages-browser)/./src/components/layout/update-banner.tsx:18:23)
    at Object.react_stack_bottom_frame (webpack-internal:///(app-pages-browser)/../../node_modules/.pnpm/next@15.5.12_react-dom@19.2.4_react@19.2.4__react@19.2.4/node_modules/next/dist/compiled/react-dom/cjs/react-dom-client.development.js:23584:20)
    at renderWithHooks (webpack-internal:///(app-pages-browser)/../../node_modules/.pnpm/next@15.5.12_react-dom@19.2.4_react@19.2.4__react@19.2.4/node_modules/next/dist/compiled/react-dom/cjs/react-dom-client.development.js:6793:22)
    at updateFunctionComponent (webpack-internal:///(app-pages-browser)/../../node_modules/.pnpm/next@15.5.12_react-dom@19.2.4_react@19.2.4__react@19.2.4/node_modules/next/dist/compiled/react-dom/cjs/react-dom-client.development.js:9247:19)
    at beginWork (webpack-internal:///(app-pages-browser)/../../node_modules/.pnpm/next@15.5.12_react-dom@19.2.4_react@19.2.4__react@19.2.4/node_modules/next/dist/compiled/react-dom/cjs/react-dom-client.development.js:10807:35)
    at runWithFiberInDEV (webpack-internal:///(app-pages-browser)/../../node_modules/.pnpm/next@15.5.12_react-dom@19.2.4_react@19.2.4__react@19.2.4/node_modules/next/dist/compiled/react-dom/cjs/react-dom-client.development.js:872:30)
    at performUnitOfWork (webpack-internal:///(app-pages-browser)/../../node_modules/.pnpm/next@15.5.12_react-dom@19.2.4_react@19.2.4__react@19.2.4/node_modules/next/dist/compiled/react-dom/cjs/react-dom-client.development.js:15727:22)
    at workLoopSync (webpack-internal:///(app-pages-browser)/../../node_modules/.pnpm/next@15.5.12_react-dom@19.2.4_react@19.2.4__react@19.2.4/node_modules/next/dist/compiled/react-dom/cjs/react-dom-client.development.js:15547:41)
    at renderRootSync (webpack-internal:///(app-pages-browser)/../../node_modules/.pnpm/next@15.5.12_react-dom@19.2.4_react@19.2.4__react@19.2.4/node_modules/next/dist/compiled/react-dom/cjs/react-dom-client.development.js:15527:11)
    at performWorkOnRoot (webpack-internal:///(app-pages-browser)/../../node_modules/.pnpm/next@15.5.12_react-dom@19.2.4_react@19.2.4__react@19.2.4/node_modules/next/dist/compiled/react-dom/cjs/react-dom-client.development.js:15034:44)
    at performWorkOnRootViaSchedulerTask (webpack-internal:///(app-pages-browser)/../../node_modules/.pnpm/next@15.5.12_react-dom@19.2.4_react@19.2.4__react@19.2.4/node_modules/next/dist/compiled/react-dom/cjs/react-dom-client.development.js:16816:7)
    at MessagePort.performWorkUntilDeadline (webpack-internal:///(app-pages-browser)/../../node_modules/.pnpm/next@15.5.12_react-dom@19.2.4_react@19.2.4__react@19.2.4/node_modules/next/dist/compiled/scheduler/cjs/scheduler.development.js:45:48)
[63845938ms] [WARNING] The resource http://localhost:2077/_next/static/css/app/layout.css?v=1771205440827 was preloaded using link preload but not used within a few seconds from the window's load event. Please make sure it has an appropriate `as` value and it is preloaded intentionally. @ http://localhost:2077/skills:0
[63856751ms] [WARNING] [Fast Refresh] performing full reload because your application had an unrecoverable error @ webpack-internal:///(app-pages-browser)/../../node_modules/.pnpm/next@15.5.12_react-dom@19.2.4_react@19.2.4__react@19.2.4/node_modules/next/dist/client/dev/hot-reloader/app/hot-reloader-app.js:113
